<?xml version="1.0" encoding="UTF-8"?>
<testsuite name="com.ceiba.licorera.TestAplicacion.Comando.ComndoFacturaTest.ComandoFacturaTest" tests="1" skipped="0" failures="0" errors="0" timestamp="2019-11-26T19:37:19" hostname="VERONICA-ZAPATA" time="0.007">
  <properties/>
  <testcase name="construircomando()" classname="com.ceiba.licorera.TestAplicacion.Comando.ComndoFacturaTest.ComandoFacturaTest" time="0.007"/>
  <system-out><![CDATA[]]></system-out>
  <system-err><![CDATA[]]></system-err>
</testsuite>
