<?xml version="1.0" encoding="UTF-8"?>
<testsuite name="com.ceiba.licorera.TestDominio.Factura.FacturaServicioCrearTest" tests="2" skipped="0" failures="0" errors="0" timestamp="2019-11-26T19:37:20" hostname="VERONICA-ZAPATA" time="0.005">
  <properties/>
  <testcase name="crearFacturaValida()" classname="com.ceiba.licorera.TestDominio.Factura.FacturaServicioCrearTest" time="0.004"/>
  <testcase name="facturaExistente()" classname="com.ceiba.licorera.TestDominio.Factura.FacturaServicioCrearTest" time="0.001"/>
  <system-out><![CDATA[]]></system-out>
  <system-err><![CDATA[]]></system-err>
</testsuite>
