<?xml version="1.0" encoding="UTF-8"?>
<testsuite name="com.ceiba.licorera.TestInfraestructura.controladorProducto.controladorProducto.ControladorProductoTest" tests="3" skipped="0" failures="0" errors="0" timestamp="2019-11-25T16:02:10" hostname="VERONICA-ZAPATA" time="1.134">
  <properties/>
  <testcase name="creaProducto()" classname="com.ceiba.licorera.TestInfraestructura.controladorProducto.controladorProducto.ControladorProductoTest" time="0.909"/>
  <testcase name="listarpornombres()" classname="com.ceiba.licorera.TestInfraestructura.controladorProducto.controladorProducto.ControladorProductoTest" time="0.192"/>
  <testcase name="listarproductos()" classname="com.ceiba.licorera.TestInfraestructura.controladorProducto.controladorProducto.ControladorProductoTest" time="0.027"/>
  <system-out><![CDATA[11:01:57.407 [Test worker] DEBUG org.springframework.test.context.BootstrapUtils - Instantiating CacheAwareContextLoaderDelegate from class [org.springframework.test.context.cache.DefaultCacheAwareContextLoaderDelegate]
11:01:57.579 [Test worker] DEBUG org.springframework.test.context.BootstrapUtils - Instantiating BootstrapContext using constructor [public org.springframework.test.context.support.DefaultBootstrapContext(java.lang.Class,org.springframework.test.context.CacheAwareContextLoaderDelegate)]
11:01:57.694 [Test worker] DEBUG org.springframework.test.context.BootstrapUtils - Instantiating TestContextBootstrapper for test class [com.ceiba.licorera.TestInfraestructura.controladorProducto.controladorProducto.ControladorProductoTest] from class [org.springframework.boot.test.context.SpringBootTestContextBootstrapper]
11:01:57.752 [Test worker] INFO org.springframework.boot.test.context.SpringBootTestContextBootstrapper - Neither @ContextConfiguration nor @ContextHierarchy found for test class [com.ceiba.licorera.TestInfraestructura.controladorProducto.controladorProducto.ControladorProductoTest], using SpringBootContextLoader
11:01:57.771 [Test worker] DEBUG org.springframework.test.context.support.AbstractContextLoader - Did not detect default resource location for test class [com.ceiba.licorera.TestInfraestructura.controladorProducto.controladorProducto.ControladorProductoTest]: class path resource [com/ceiba/licorera/TestInfraestructura/controladorProducto/controladorProducto/ControladorProductoTest-context.xml] does not exist
11:01:57.773 [Test worker] DEBUG org.springframework.test.context.support.AbstractContextLoader - Did not detect default resource location for test class [com.ceiba.licorera.TestInfraestructura.controladorProducto.controladorProducto.ControladorProductoTest]: class path resource [com/ceiba/licorera/TestInfraestructura/controladorProducto/controladorProducto/ControladorProductoTestContext.groovy] does not exist
11:01:57.790 [Test worker] INFO org.springframework.test.context.support.AbstractContextLoader - Could not detect default resource locations for test class [com.ceiba.licorera.TestInfraestructura.controladorProducto.controladorProducto.ControladorProductoTest]: no resource found for suffixes {-context.xml, Context.groovy}.
11:01:57.925 [Test worker] DEBUG org.springframework.test.context.support.ActiveProfilesUtils - Could not find an 'annotation declaring class' for annotation type [org.springframework.test.context.ActiveProfiles] and class [com.ceiba.licorera.TestInfraestructura.controladorProducto.controladorProducto.ControladorProductoTest]
11:01:58.487 [Test worker] DEBUG org.springframework.boot.test.context.SpringBootTestContextBootstrapper - @TestExecutionListeners is not present for class [com.ceiba.licorera.TestInfraestructura.controladorProducto.controladorProducto.ControladorProductoTest]: using defaults.
11:01:58.490 [Test worker] INFO org.springframework.boot.test.context.SpringBootTestContextBootstrapper - Loaded default TestExecutionListener class names from location [META-INF/spring.factories]: [org.springframework.boot.test.autoconfigure.restdocs.RestDocsTestExecutionListener, org.springframework.boot.test.autoconfigure.web.client.MockRestServiceServerResetTestExecutionListener, org.springframework.boot.test.autoconfigure.web.servlet.MockMvcPrintOnlyOnFailureTestExecutionListener, org.springframework.boot.test.autoconfigure.web.servlet.WebDriverTestExecutionListener, org.springframework.boot.test.mock.mockito.MockitoTestExecutionListener, org.springframework.boot.test.mock.mockito.ResetMocksTestExecutionListener, org.springframework.test.context.web.ServletTestExecutionListener, org.springframework.test.context.support.DirtiesContextBeforeModesTestExecutionListener, org.springframework.test.context.support.DependencyInjectionTestExecutionListener, org.springframework.test.context.support.DirtiesContextTestExecutionListener, org.springframework.test.context.transaction.TransactionalTestExecutionListener, org.springframework.test.context.jdbc.SqlScriptsTestExecutionListener, org.springframework.test.context.event.EventPublishingTestExecutionListener]
11:01:58.558 [Test worker] INFO org.springframework.boot.test.context.SpringBootTestContextBootstrapper - Using TestExecutionListeners: [org.springframework.test.context.web.ServletTestExecutionListener@50ec2e03, org.springframework.test.context.support.DirtiesContextBeforeModesTestExecutionListener@3352f00b, org.springframework.boot.test.mock.mockito.MockitoTestExecutionListener@357c0f88, org.springframework.boot.test.autoconfigure.SpringBootDependencyInjectionTestExecutionListener@509cbc5e, org.springframework.test.context.support.DirtiesContextTestExecutionListener@61311c78, org.springframework.test.context.transaction.TransactionalTestExecutionListener@45476afd, org.springframework.test.context.jdbc.SqlScriptsTestExecutionListener@10123d92, org.springframework.test.context.event.EventPublishingTestExecutionListener@25d91d82, org.springframework.boot.test.autoconfigure.restdocs.RestDocsTestExecutionListener@4ce2179d, org.springframework.boot.test.autoconfigure.web.client.MockRestServiceServerResetTestExecutionListener@320c9c7e, org.springframework.boot.test.autoconfigure.web.servlet.MockMvcPrintOnlyOnFailureTestExecutionListener@33f3c900, org.springframework.boot.test.autoconfigure.web.servlet.WebDriverTestExecutionListener@5e2bf7f1, org.springframework.boot.test.mock.mockito.ResetMocksTestExecutionListener@2a94d56]
11:01:58.571 [Test worker] DEBUG org.springframework.test.context.support.AbstractDirtiesContextTestExecutionListener - Before test class: context [DefaultTestContext@6d0d91a4 testClass = ControladorProductoTest, testInstance = [null], testMethod = [null], testException = [null], mergedContextConfiguration = [WebMergedContextConfiguration@55175683 testClass = ControladorProductoTest, locations = '{}', classes = '{class com.ceiba.licorera.LicoreraApplication, class com.ceiba.licorera.LicoreraApplication}', contextInitializerClasses = '[]', activeProfiles = '{}', propertySourceLocations = '{}', propertySourceProperties = '{org.springframework.boot.test.context.SpringBootTestContextBootstrapper=true}', contextCustomizers = set[org.springframework.boot.test.autoconfigure.properties.PropertyMappingContextCustomizer@4b3fa0b3, org.springframework.boot.test.autoconfigure.web.servlet.WebDriverContextCustomizerFactory$Customizer@483e0a1, [ImportsContextCustomizer@fedf550 key = [org.springframework.boot.test.autoconfigure.web.servlet.MockMvcAutoConfiguration, org.springframework.boot.test.autoconfigure.web.servlet.MockMvcWebClientAutoConfiguration, org.springframework.boot.test.autoconfigure.web.servlet.MockMvcWebDriverAutoConfiguration, org.springframework.boot.autoconfigure.security.servlet.SecurityAutoConfiguration, org.springframework.boot.autoconfigure.security.servlet.UserDetailsServiceAutoConfiguration, org.springframework.boot.test.autoconfigure.web.servlet.MockMvcSecurityConfiguration]], org.springframework.boot.test.context.filter.ExcludeFilterContextCustomizer@149a128d, org.springframework.boot.test.json.DuplicateJsonObjectContextCustomizerFactory$DuplicateJsonObjectContextCustomizer@498b92d5, org.springframework.boot.test.mock.mockito.MockitoContextCustomizer@0, org.springframework.boot.test.web.client.TestRestTemplateContextCustomizer@24727437], resourceBasePath = 'src/main/webapp', contextLoader = 'org.springframework.boot.test.context.SpringBootContextLoader', parent = [null]], attributes = map['org.springframework.test.context.web.ServletTestExecutionListener.activateListener' -> true]], class annotated with @DirtiesContext [false] with mode [null].
11:01:58.701 [Test worker] DEBUG org.springframework.test.context.support.TestPropertySourceUtils - Adding inlined properties to environment: {spring.jmx.enabled=false, org.springframework.boot.test.context.SpringBootTestContextBootstrapper=true, server.port=-1}

  .   ____          _            __ _ _
 /\\ / ___'_ __ _ _(_)_ __  __ _ \ \ \ \
( ( )\___ | '_ | '_| | '_ \/ _` | \ \ \ \
 \\/  ___)| |_)| | | | | || (_| |  ) ) ) )
  '  |____| .__|_| |_|_| |_\__, | / / / /
 =========|_|==============|___/=/_/_/_/
 :: Spring Boot ::        (v2.2.0.RELEASE)

2019-11-25 11:01:59.912  INFO 17952 --- [    Test worker] c.c.l.T.c.c.ControladorProductoTest      : Starting ControladorProductoTest on VERONICA-ZAPATA with PID 17952 (started by veronica.zapata in C:\Users\veronica.zapata\Desktop\Proyectos\licorera)
2019-11-25 11:01:59.925  INFO 17952 --- [    Test worker] c.c.l.T.c.c.ControladorProductoTest      : No active profile set, falling back to default profiles: default
2019-11-25 11:02:02.102  INFO 17952 --- [    Test worker] .s.d.r.c.RepositoryConfigurationDelegate : Bootstrapping Spring Data repositories in DEFAULT mode.
2019-11-25 11:02:02.312  INFO 17952 --- [    Test worker] .s.d.r.c.RepositoryConfigurationDelegate : Finished Spring Data repository scanning in 184ms. Found 3 repository interfaces.
2019-11-25 11:02:03.140  INFO 17952 --- [    Test worker] trationDelegate$BeanPostProcessorChecker : Bean 'org.springframework.transaction.annotation.ProxyTransactionManagementConfiguration' of type [org.springframework.transaction.annotation.ProxyTransactionManagementConfiguration] is not eligible for getting processed by all BeanPostProcessors (for example: not eligible for auto-proxying)
2019-11-25 11:02:03.681  INFO 17952 --- [    Test worker] o.hibernate.jpa.internal.util.LogHelper  : HHH000204: Processing PersistenceUnitInfo [name: default]
2019-11-25 11:02:03.907  INFO 17952 --- [    Test worker] org.hibernate.Version                    : HHH000412: Hibernate Core {5.4.6.Final}
2019-11-25 11:02:04.358  INFO 17952 --- [    Test worker] o.hibernate.annotations.common.Version   : HCANN000001: Hibernate Commons Annotations {5.1.0.Final}
2019-11-25 11:02:04.650  INFO 17952 --- [    Test worker] com.zaxxer.hikari.HikariDataSource       : HikariPool-1 - Starting...
2019-11-25 11:02:04.943  INFO 17952 --- [    Test worker] com.zaxxer.hikari.HikariDataSource       : HikariPool-1 - Start completed.
2019-11-25 11:02:05.028  INFO 17952 --- [    Test worker] org.hibernate.dialect.Dialect            : HHH000400: Using dialect: org.hibernate.dialect.PostgreSQL10Dialect
2019-11-25 11:02:07.185  INFO 17952 --- [    Test worker] o.h.e.t.j.p.i.JtaPlatformInitiator       : HHH000490: Using JtaPlatform implementation: [org.hibernate.engine.transaction.jta.platform.internal.NoJtaPlatform]
2019-11-25 11:02:07.201  INFO 17952 --- [    Test worker] j.LocalContainerEntityManagerFactoryBean : Initialized JPA EntityManagerFactory for persistence unit 'default'
2019-11-25 11:02:08.885  WARN 17952 --- [    Test worker] JpaBaseConfiguration$JpaWebConfiguration : spring.jpa.open-in-view is enabled by default. Therefore, database queries may be performed during view rendering. Explicitly configure spring.jpa.open-in-view to disable this warning
2019-11-25 11:02:09.417  INFO 17952 --- [    Test worker] o.s.s.concurrent.ThreadPoolTaskExecutor  : Initializing ExecutorService 'applicationTaskExecutor'
2019-11-25 11:02:10.189  INFO 17952 --- [    Test worker] o.s.b.t.m.w.SpringBootMockServletContext : Initializing Spring TestDispatcherServlet ''
2019-11-25 11:02:10.189  INFO 17952 --- [    Test worker] o.s.t.web.servlet.TestDispatcherServlet  : Initializing Servlet ''
2019-11-25 11:02:10.218  INFO 17952 --- [    Test worker] o.s.t.web.servlet.TestDispatcherServlet  : Completed initialization in 29 ms
2019-11-25 11:02:10.251  INFO 17952 --- [    Test worker] c.c.l.T.c.c.ControladorProductoTest      : Started ControladorProductoTest in 11.506 seconds (JVM running for 16.951)
2019-11-25 11:02:10.329  INFO 17952 --- [    Test worker] o.s.t.c.transaction.TransactionContext   : Began transaction (1) for test context [DefaultTestContext@6d0d91a4 testClass = ControladorProductoTest, testInstance = com.ceiba.licorera.TestInfraestructura.controladorProducto.controladorProducto.ControladorProductoTest@7fddf4da, testMethod = creaProducto@ControladorProductoTest, testException = [null], mergedContextConfiguration = [WebMergedContextConfiguration@55175683 testClass = ControladorProductoTest, locations = '{}', classes = '{class com.ceiba.licorera.LicoreraApplication, class com.ceiba.licorera.LicoreraApplication}', contextInitializerClasses = '[]', activeProfiles = '{}', propertySourceLocations = '{}', propertySourceProperties = '{org.springframework.boot.test.context.SpringBootTestContextBootstrapper=true}', contextCustomizers = set[org.springframework.boot.test.autoconfigure.properties.PropertyMappingContextCustomizer@4b3fa0b3, org.springframework.boot.test.autoconfigure.web.servlet.WebDriverContextCustomizerFactory$Customizer@483e0a1, [ImportsContextCustomizer@fedf550 key = [org.springframework.boot.test.autoconfigure.web.servlet.MockMvcAutoConfiguration, org.springframework.boot.test.autoconfigure.web.servlet.MockMvcWebClientAutoConfiguration, org.springframework.boot.test.autoconfigure.web.servlet.MockMvcWebDriverAutoConfiguration, org.springframework.boot.autoconfigure.security.servlet.SecurityAutoConfiguration, org.springframework.boot.autoconfigure.security.servlet.UserDetailsServiceAutoConfiguration, org.springframework.boot.test.autoconfigure.web.servlet.MockMvcSecurityConfiguration]], org.springframework.boot.test.context.filter.ExcludeFilterContextCustomizer@149a128d, org.springframework.boot.test.json.DuplicateJsonObjectContextCustomizerFactory$DuplicateJsonObjectContextCustomizer@498b92d5, org.springframework.boot.test.mock.mockito.MockitoContextCustomizer@0, org.springframework.boot.test.web.client.TestRestTemplateContextCustomizer@24727437], resourceBasePath = 'src/main/webapp', contextLoader = 'org.springframework.boot.test.context.SpringBootContextLoader', parent = [null]], attributes = map['org.springframework.test.context.web.ServletTestExecutionListener.activateListener' -> true, 'org.springframework.test.context.web.ServletTestExecutionListener.populatedRequestContextHolder' -> true, 'org.springframework.test.context.web.ServletTestExecutionListener.resetRequestContextHolder' -> true]]; transaction manager [org.springframework.orm.jpa.JpaTransactionManager@10351674]; rollback [true]
Hibernate: select productoen0_.nombre as nombre1_2_, productoen0_.valor as valor2_2_ from productos productoen0_ where productoen0_.nombre like ?
Hibernate: select productoen0_.nombre as nombre1_2_0_, productoen0_.valor as valor2_2_0_ from productos productoen0_ where productoen0_.nombre=?

MockHttpServletRequest:
      HTTP Method = POST
      Request URI = /productos
       Parameters = {}
          Headers = [Content-Type:"application/json;charset=UTF-8", Accept:"application/json"]
             Body = {"id":null,"nombre":"cerveza","valor":45000.0}
    Session Attrs = {}

Handler:
             Type = com.ceiba.licorera.infraestructura.controlador.ControladorProducto
           Method = com.ceiba.licorera.infraestructura.controlador.ControladorProducto#crear(ComandoProducto)

Async:
    Async started = false
     Async result = null

Resolved Exception:
             Type = null

ModelAndView:
        View name = null
             View = null
            Model = null

FlashMap:
       Attributes = null

MockHttpServletResponse:
           Status = 200
    Error message = null
          Headers = [Vary:"Origin", "Access-Control-Request-Method", "Access-Control-Request-Headers"]
     Content type = null
             Body = 
    Forwarded URL = null
   Redirected URL = null
          Cookies = []
2019-11-25 11:02:11.195  INFO 17952 --- [    Test worker] o.s.t.c.transaction.TransactionContext   : Rolled back transaction for test: [DefaultTestContext@6d0d91a4 testClass = ControladorProductoTest, testInstance = com.ceiba.licorera.TestInfraestructura.controladorProducto.controladorProducto.ControladorProductoTest@7fddf4da, testMethod = creaProducto@ControladorProductoTest, testException = [null], mergedContextConfiguration = [WebMergedContextConfiguration@55175683 testClass = ControladorProductoTest, locations = '{}', classes = '{class com.ceiba.licorera.LicoreraApplication, class com.ceiba.licorera.LicoreraApplication}', contextInitializerClasses = '[]', activeProfiles = '{}', propertySourceLocations = '{}', propertySourceProperties = '{org.springframework.boot.test.context.SpringBootTestContextBootstrapper=true}', contextCustomizers = set[org.springframework.boot.test.autoconfigure.properties.PropertyMappingContextCustomizer@4b3fa0b3, org.springframework.boot.test.autoconfigure.web.servlet.WebDriverContextCustomizerFactory$Customizer@483e0a1, [ImportsContextCustomizer@fedf550 key = [org.springframework.boot.test.autoconfigure.web.servlet.MockMvcAutoConfiguration, org.springframework.boot.test.autoconfigure.web.servlet.MockMvcWebClientAutoConfiguration, org.springframework.boot.test.autoconfigure.web.servlet.MockMvcWebDriverAutoConfiguration, org.springframework.boot.autoconfigure.security.servlet.SecurityAutoConfiguration, org.springframework.boot.autoconfigure.security.servlet.UserDetailsServiceAutoConfiguration, org.springframework.boot.test.autoconfigure.web.servlet.MockMvcSecurityConfiguration]], org.springframework.boot.test.context.filter.ExcludeFilterContextCustomizer@149a128d, org.springframework.boot.test.json.DuplicateJsonObjectContextCustomizerFactory$DuplicateJsonObjectContextCustomizer@498b92d5, org.springframework.boot.test.mock.mockito.MockitoContextCustomizer@0, org.springframework.boot.test.web.client.TestRestTemplateContextCustomizer@24727437], resourceBasePath = 'src/main/webapp', contextLoader = 'org.springframework.boot.test.context.SpringBootContextLoader', parent = [null]], attributes = map['org.springframework.test.context.web.ServletTestExecutionListener.activateListener' -> true, 'org.springframework.test.context.web.ServletTestExecutionListener.populatedRequestContextHolder' -> true, 'org.springframework.test.context.web.ServletTestExecutionListener.resetRequestContextHolder' -> true]]
2019-11-25 11:02:11.209  INFO 17952 --- [    Test worker] o.s.t.c.transaction.TransactionContext   : Began transaction (1) for test context [DefaultTestContext@6d0d91a4 testClass = ControladorProductoTest, testInstance = com.ceiba.licorera.TestInfraestructura.controladorProducto.controladorProducto.ControladorProductoTest@15a9652, testMethod = listarpornombres@ControladorProductoTest, testException = [null], mergedContextConfiguration = [WebMergedContextConfiguration@55175683 testClass = ControladorProductoTest, locations = '{}', classes = '{class com.ceiba.licorera.LicoreraApplication, class com.ceiba.licorera.LicoreraApplication}', contextInitializerClasses = '[]', activeProfiles = '{}', propertySourceLocations = '{}', propertySourceProperties = '{org.springframework.boot.test.context.SpringBootTestContextBootstrapper=true}', contextCustomizers = set[org.springframework.boot.test.autoconfigure.properties.PropertyMappingContextCustomizer@4b3fa0b3, org.springframework.boot.test.autoconfigure.web.servlet.WebDriverContextCustomizerFactory$Customizer@483e0a1, [ImportsContextCustomizer@fedf550 key = [org.springframework.boot.test.autoconfigure.web.servlet.MockMvcAutoConfiguration, org.springframework.boot.test.autoconfigure.web.servlet.MockMvcWebClientAutoConfiguration, org.springframework.boot.test.autoconfigure.web.servlet.MockMvcWebDriverAutoConfiguration, org.springframework.boot.autoconfigure.security.servlet.SecurityAutoConfiguration, org.springframework.boot.autoconfigure.security.servlet.UserDetailsServiceAutoConfiguration, org.springframework.boot.test.autoconfigure.web.servlet.MockMvcSecurityConfiguration]], org.springframework.boot.test.context.filter.ExcludeFilterContextCustomizer@149a128d, org.springframework.boot.test.json.DuplicateJsonObjectContextCustomizerFactory$DuplicateJsonObjectContextCustomizer@498b92d5, org.springframework.boot.test.mock.mockito.MockitoContextCustomizer@0, org.springframework.boot.test.web.client.TestRestTemplateContextCustomizer@24727437], resourceBasePath = 'src/main/webapp', contextLoader = 'org.springframework.boot.test.context.SpringBootContextLoader', parent = [null]], attributes = map['org.springframework.test.context.web.ServletTestExecutionListener.activateListener' -> true, 'org.springframework.test.context.web.ServletTestExecutionListener.populatedRequestContextHolder' -> true, 'org.springframework.test.context.web.ServletTestExecutionListener.resetRequestContextHolder' -> true]]; transaction manager [org.springframework.orm.jpa.JpaTransactionManager@10351674]; rollback [true]
Hibernate: select productoen0_.nombre as nombre1_2_, productoen0_.valor as valor2_2_ from productos productoen0_

MockHttpServletRequest:
      HTTP Method = GET
      Request URI = /productos/vodka
       Parameters = {}
          Headers = [Content-Type:"application/json;charset=UTF-8"]
             Body = null
    Session Attrs = {}

Handler:
             Type = com.ceiba.licorera.infraestructura.controlador.ControladorProducto
           Method = com.ceiba.licorera.infraestructura.controlador.ControladorProducto#buscarPorNombre(String)

Async:
    Async started = false
     Async result = null

Resolved Exception:
             Type = null

ModelAndView:
        View name = null
             View = null
            Model = null

FlashMap:
       Attributes = null

MockHttpServletResponse:
           Status = 200
    Error message = null
          Headers = [Vary:"Origin", "Access-Control-Request-Method", "Access-Control-Request-Headers", Content-Type:"application/json"]
     Content type = application/json
             Body = [{"idProducto":null,"nombre":"vodka litro","valor":70000.0},{"idProducto":null,"nombre":"vodka absolute","valor":450000.0},{"idProducto":null,"nombre":"ron","valor":450000.0},{"idProducto":null,"nombre":"guaro","valor":450000.0}]
    Forwarded URL = null
   Redirected URL = null
          Cookies = []
2019-11-25 11:02:11.398  INFO 17952 --- [    Test worker] o.s.t.c.transaction.TransactionContext   : Rolled back transaction for test: [DefaultTestContext@6d0d91a4 testClass = ControladorProductoTest, testInstance = com.ceiba.licorera.TestInfraestructura.controladorProducto.controladorProducto.ControladorProductoTest@15a9652, testMethod = listarpornombres@ControladorProductoTest, testException = [null], mergedContextConfiguration = [WebMergedContextConfiguration@55175683 testClass = ControladorProductoTest, locations = '{}', classes = '{class com.ceiba.licorera.LicoreraApplication, class com.ceiba.licorera.LicoreraApplication}', contextInitializerClasses = '[]', activeProfiles = '{}', propertySourceLocations = '{}', propertySourceProperties = '{org.springframework.boot.test.context.SpringBootTestContextBootstrapper=true}', contextCustomizers = set[org.springframework.boot.test.autoconfigure.properties.PropertyMappingContextCustomizer@4b3fa0b3, org.springframework.boot.test.autoconfigure.web.servlet.WebDriverContextCustomizerFactory$Customizer@483e0a1, [ImportsContextCustomizer@fedf550 key = [org.springframework.boot.test.autoconfigure.web.servlet.MockMvcAutoConfiguration, org.springframework.boot.test.autoconfigure.web.servlet.MockMvcWebClientAutoConfiguration, org.springframework.boot.test.autoconfigure.web.servlet.MockMvcWebDriverAutoConfiguration, org.springframework.boot.autoconfigure.security.servlet.SecurityAutoConfiguration, org.springframework.boot.autoconfigure.security.servlet.UserDetailsServiceAutoConfiguration, org.springframework.boot.test.autoconfigure.web.servlet.MockMvcSecurityConfiguration]], org.springframework.boot.test.context.filter.ExcludeFilterContextCustomizer@149a128d, org.springframework.boot.test.json.DuplicateJsonObjectContextCustomizerFactory$DuplicateJsonObjectContextCustomizer@498b92d5, org.springframework.boot.test.mock.mockito.MockitoContextCustomizer@0, org.springframework.boot.test.web.client.TestRestTemplateContextCustomizer@24727437], resourceBasePath = 'src/main/webapp', contextLoader = 'org.springframework.boot.test.context.SpringBootContextLoader', parent = [null]], attributes = map['org.springframework.test.context.web.ServletTestExecutionListener.activateListener' -> true, 'org.springframework.test.context.web.ServletTestExecutionListener.populatedRequestContextHolder' -> true, 'org.springframework.test.context.web.ServletTestExecutionListener.resetRequestContextHolder' -> true]]
2019-11-25 11:02:11.404  INFO 17952 --- [    Test worker] o.s.t.c.transaction.TransactionContext   : Began transaction (1) for test context [DefaultTestContext@6d0d91a4 testClass = ControladorProductoTest, testInstance = com.ceiba.licorera.TestInfraestructura.controladorProducto.controladorProducto.ControladorProductoTest@476a297d, testMethod = listarproductos@ControladorProductoTest, testException = [null], mergedContextConfiguration = [WebMergedContextConfiguration@55175683 testClass = ControladorProductoTest, locations = '{}', classes = '{class com.ceiba.licorera.LicoreraApplication, class com.ceiba.licorera.LicoreraApplication}', contextInitializerClasses = '[]', activeProfiles = '{}', propertySourceLocations = '{}', propertySourceProperties = '{org.springframework.boot.test.context.SpringBootTestContextBootstrapper=true}', contextCustomizers = set[org.springframework.boot.test.autoconfigure.properties.PropertyMappingContextCustomizer@4b3fa0b3, org.springframework.boot.test.autoconfigure.web.servlet.WebDriverContextCustomizerFactory$Customizer@483e0a1, [ImportsContextCustomizer@fedf550 key = [org.springframework.boot.test.autoconfigure.web.servlet.MockMvcAutoConfiguration, org.springframework.boot.test.autoconfigure.web.servlet.MockMvcWebClientAutoConfiguration, org.springframework.boot.test.autoconfigure.web.servlet.MockMvcWebDriverAutoConfiguration, org.springframework.boot.autoconfigure.security.servlet.SecurityAutoConfiguration, org.springframework.boot.autoconfigure.security.servlet.UserDetailsServiceAutoConfiguration, org.springframework.boot.test.autoconfigure.web.servlet.MockMvcSecurityConfiguration]], org.springframework.boot.test.context.filter.ExcludeFilterContextCustomizer@149a128d, org.springframework.boot.test.json.DuplicateJsonObjectContextCustomizerFactory$DuplicateJsonObjectContextCustomizer@498b92d5, org.springframework.boot.test.mock.mockito.MockitoContextCustomizer@0, org.springframework.boot.test.web.client.TestRestTemplateContextCustomizer@24727437], resourceBasePath = 'src/main/webapp', contextLoader = 'org.springframework.boot.test.context.SpringBootContextLoader', parent = [null]], attributes = map['org.springframework.test.context.web.ServletTestExecutionListener.activateListener' -> true, 'org.springframework.test.context.web.ServletTestExecutionListener.populatedRequestContextHolder' -> true, 'org.springframework.test.context.web.ServletTestExecutionListener.resetRequestContextHolder' -> true]]; transaction manager [org.springframework.orm.jpa.JpaTransactionManager@10351674]; rollback [true]
Hibernate: select productoen0_.nombre as nombre1_2_, productoen0_.valor as valor2_2_ from productos productoen0_

MockHttpServletRequest:
      HTTP Method = GET
      Request URI = /productos
       Parameters = {}
          Headers = [Content-Type:"application/json;charset=UTF-8"]
             Body = null
    Session Attrs = {}

Handler:
             Type = com.ceiba.licorera.infraestructura.controlador.ControladorProducto
           Method = com.ceiba.licorera.infraestructura.controlador.ControladorProducto#listarProductos()

Async:
    Async started = false
     Async result = null

Resolved Exception:
             Type = null

ModelAndView:
        View name = null
             View = null
            Model = null

FlashMap:
       Attributes = null

MockHttpServletResponse:
           Status = 200
    Error message = null
          Headers = [Vary:"Origin", "Access-Control-Request-Method", "Access-Control-Request-Headers", Content-Type:"application/json"]
     Content type = application/json
             Body = [{"idProducto":null,"nombre":"vodka litro","valor":70000.0},{"idProducto":null,"nombre":"vodka absolute","valor":450000.0},{"idProducto":null,"nombre":"ron","valor":450000.0},{"idProducto":null,"nombre":"guaro","valor":450000.0}]
    Forwarded URL = null
   Redirected URL = null
          Cookies = []
2019-11-25 11:02:11.428  INFO 17952 --- [    Test worker] o.s.t.c.transaction.TransactionContext   : Rolled back transaction for test: [DefaultTestContext@6d0d91a4 testClass = ControladorProductoTest, testInstance = com.ceiba.licorera.TestInfraestructura.controladorProducto.controladorProducto.ControladorProductoTest@476a297d, testMethod = listarproductos@ControladorProductoTest, testException = [null], mergedContextConfiguration = [WebMergedContextConfiguration@55175683 testClass = ControladorProductoTest, locations = '{}', classes = '{class com.ceiba.licorera.LicoreraApplication, class com.ceiba.licorera.LicoreraApplication}', contextInitializerClasses = '[]', activeProfiles = '{}', propertySourceLocations = '{}', propertySourceProperties = '{org.springframework.boot.test.context.SpringBootTestContextBootstrapper=true}', contextCustomizers = set[org.springframework.boot.test.autoconfigure.properties.PropertyMappingContextCustomizer@4b3fa0b3, org.springframework.boot.test.autoconfigure.web.servlet.WebDriverContextCustomizerFactory$Customizer@483e0a1, [ImportsContextCustomizer@fedf550 key = [org.springframework.boot.test.autoconfigure.web.servlet.MockMvcAutoConfiguration, org.springframework.boot.test.autoconfigure.web.servlet.MockMvcWebClientAutoConfiguration, org.springframework.boot.test.autoconfigure.web.servlet.MockMvcWebDriverAutoConfiguration, org.springframework.boot.autoconfigure.security.servlet.SecurityAutoConfiguration, org.springframework.boot.autoconfigure.security.servlet.UserDetailsServiceAutoConfiguration, org.springframework.boot.test.autoconfigure.web.servlet.MockMvcSecurityConfiguration]], org.springframework.boot.test.context.filter.ExcludeFilterContextCustomizer@149a128d, org.springframework.boot.test.json.DuplicateJsonObjectContextCustomizerFactory$DuplicateJsonObjectContextCustomizer@498b92d5, org.springframework.boot.test.mock.mockito.MockitoContextCustomizer@0, org.springframework.boot.test.web.client.TestRestTemplateContextCustomizer@24727437], resourceBasePath = 'src/main/webapp', contextLoader = 'org.springframework.boot.test.context.SpringBootContextLoader', parent = [null]], attributes = map['org.springframework.test.context.web.ServletTestExecutionListener.activateListener' -> true, 'org.springframework.test.context.web.ServletTestExecutionListener.populatedRequestContextHolder' -> true, 'org.springframework.test.context.web.ServletTestExecutionListener.resetRequestContextHolder' -> true]]
]]></system-out>
  <system-err><![CDATA[]]></system-err>
</testsuite>
