<?xml version="1.0" encoding="UTF-8"?>
<testsuite name="com.ceiba.licorera.TestDominio.Factura.FacturaServicioCrearTest" tests="1" skipped="0" failures="0" errors="0" timestamp="2019-11-25T13:56:59" hostname="VERONICA-ZAPATA" time="1.432">
  <properties/>
  <testcase name="crearFacturaValida()" classname="com.ceiba.licorera.TestDominio.Factura.FacturaServicioCrearTest" time="1.432"/>
  <system-out><![CDATA[]]></system-out>
  <system-err><![CDATA[]]></system-err>
</testsuite>
