<?xml version="1.0" encoding="UTF-8"?>
<testsuite name="com.ceiba.licorera.TestDominio.Producto.ProductoTest.ProductoTest" tests="4" skipped="0" failures="0" errors="0" timestamp="2019-11-27T12:56:39" hostname="VERONICA-ZAPATA" time="0.01">
  <properties/>
  <testcase name="valorInvalido()" classname="com.ceiba.licorera.TestDominio.Producto.ProductoTest.ProductoTest" time="0.002"/>
  <testcase name="valorValido()" classname="com.ceiba.licorera.TestDominio.Producto.ProductoTest.ProductoTest" time="0.001"/>
  <testcase name="NombreNulo()" classname="com.ceiba.licorera.TestDominio.Producto.ProductoTest.ProductoTest" time="0.003"/>
  <testcase name="nombreValido()" classname="com.ceiba.licorera.TestDominio.Producto.ProductoTest.ProductoTest" time="0.001"/>
  <system-out><![CDATA[]]></system-out>
  <system-err><![CDATA[]]></system-err>
</testsuite>
