<?xml version="1.0" encoding="UTF-8"?>
<testsuite name="com.ceiba.licorera.TestAplicacion.Comando.Manejador.ManejadorCrearproductoTest" tests="1" skipped="0" failures="0" errors="0" timestamp="2019-11-27T12:56:39" hostname="VERONICA-ZAPATA" time="0.028">
  <properties/>
  <testcase name="ejecutar()" classname="com.ceiba.licorera.TestAplicacion.Comando.Manejador.ManejadorCrearproductoTest" time="0.028"/>
  <system-out><![CDATA[]]></system-out>
  <system-err><![CDATA[]]></system-err>
</testsuite>
