<?xml version="1.0" encoding="UTF-8"?>
<testsuite name="com.ceiba.licorera.TestAplicacion.Comando.Manejador.ManejadoConsutarProductoTest" tests="1" skipped="0" failures="0" errors="0" timestamp="2019-11-26T19:37:19" hostname="VERONICA-ZAPATA" time="1.444">
  <properties/>
  <testcase name="consultarProducto()" classname="com.ceiba.licorera.TestAplicacion.Comando.Manejador.ManejadoConsutarProductoTest" time="1.444"/>
  <system-out><![CDATA[]]></system-out>
  <system-err><![CDATA[]]></system-err>
</testsuite>
