<?xml version="1.0" encoding="UTF-8"?>
<testsuite name="com.ceiba.licorera.TestDominio.Factura.TestFactura" tests="1" skipped="0" failures="0" errors="0" timestamp="2019-12-02T19:32:37" hostname="VERONICA-ZAPATA" time="0.001">
  <properties/>
  <testcase name="calcularTotalFactura()" classname="com.ceiba.licorera.TestDominio.Factura.TestFactura" time="0.001"/>
  <system-out><![CDATA[]]></system-out>
  <system-err><![CDATA[]]></system-err>
</testsuite>
