<?xml version="1.0" encoding="UTF-8"?>
<testsuite name="com.ceiba.licorera.TestDominio.Producto.ProductoTest.ProductoServicioConsultarProductos" tests="4" skipped="0" failures="0" errors="0" timestamp="2019-11-26T19:37:20" hostname="VERONICA-ZAPATA" time="0.032">
  <properties/>
  <testcase name="Setter()" classname="com.ceiba.licorera.TestDominio.Producto.ProductoTest.ProductoServicioConsultarProductos" time="0.001"/>
  <testcase name="obtenerProductos()" classname="com.ceiba.licorera.TestDominio.Producto.ProductoTest.ProductoServicioConsultarProductos" time="0.026"/>
  <testcase name="getter()" classname="com.ceiba.licorera.TestDominio.Producto.ProductoTest.ProductoServicioConsultarProductos" time="0.0"/>
  <testcase name="obtenerProductoPornombre()" classname="com.ceiba.licorera.TestDominio.Producto.ProductoTest.ProductoServicioConsultarProductos" time="0.001"/>
  <system-out><![CDATA[]]></system-out>
  <system-err><![CDATA[]]></system-err>
</testsuite>
