<?xml version="1.0" encoding="UTF-8"?>
<testsuite name="com.ceiba.licorera.TestDominio.Factura.FacturaServicioCrearTest" tests="2" skipped="0" failures="0" errors="0" timestamp="2019-12-05T13:42:50" hostname="VERONICA-ZAPATA" time="0.012">
  <properties/>
  <testcase name="crearFacturaValida()" classname="com.ceiba.licorera.TestDominio.Factura.FacturaServicioCrearTest" time="0.007"/>
  <testcase name="facturaExistente()" classname="com.ceiba.licorera.TestDominio.Factura.FacturaServicioCrearTest" time="0.003"/>
  <system-out><![CDATA[]]></system-out>
  <system-err><![CDATA[]]></system-err>
</testsuite>
