<?xml version="1.0" encoding="UTF-8"?>
<testsuite name="com.ceiba.licorera.TestAplicacion.Comando.Manejador.ManejadorConsultarFacturaTest" tests="1" skipped="0" failures="0" errors="0" timestamp="2019-11-25T15:15:05" hostname="VERONICA-ZAPATA" time="1.223">
  <properties/>
  <testcase name="consultar()" classname="com.ceiba.licorera.TestAplicacion.Comando.Manejador.ManejadorConsultarFacturaTest" time="1.223"/>
  <system-out><![CDATA[]]></system-out>
  <system-err><![CDATA[]]></system-err>
</testsuite>
