<?xml version="1.0" encoding="UTF-8"?>
<testsuite name="com.ceiba.licorera.TestDominio.Factura.TestFactura" tests="3" skipped="0" failures="0" errors="0" timestamp="2019-12-05T13:42:50" hostname="VERONICA-ZAPATA" time="0.036">
  <properties/>
  <testcase name="fechaDomingo()" classname="com.ceiba.licorera.TestDominio.Factura.TestFactura" time="0.029"/>
  <testcase name="horaMala()" classname="com.ceiba.licorera.TestDominio.Factura.TestFactura" time="0.002"/>
  <testcase name="calcularTotalFactura()" classname="com.ceiba.licorera.TestDominio.Factura.TestFactura" time="0.001"/>
  <system-out><![CDATA[]]></system-out>
  <system-err><![CDATA[]]></system-err>
</testsuite>
