<?xml version="1.0" encoding="UTF-8"?>
<testsuite name="com.ceiba.licorera.TestDominio.DetalleFactura.TestDetalleFactura" tests="2" skipped="0" failures="0" errors="0" timestamp="2019-12-05T13:42:49" hostname="VERONICA-ZAPATA" time="0.007">
  <properties/>
  <testcase name="calcularvalor()" classname="com.ceiba.licorera.TestDominio.DetalleFactura.TestDetalleFactura" time="0.006"/>
  <testcase name="obtenerCanitadad()" classname="com.ceiba.licorera.TestDominio.DetalleFactura.TestDetalleFactura" time="0.001"/>
  <system-out><![CDATA[]]></system-out>
  <system-err><![CDATA[]]></system-err>
</testsuite>
