<?xml version="1.0" encoding="UTF-8"?>
<testsuite name="com.ceiba.licorera.TestInfraestructura.controladorProducto.ControladorProductoTest" tests="3" skipped="0" failures="0" errors="0" timestamp="2019-12-05T13:43:07" hostname="VERONICA-ZAPATA" time="0.092">
  <properties/>
  <testcase name="creaProducto()" classname="com.ceiba.licorera.TestInfraestructura.controladorProducto.ControladorProductoTest" time="0.04"/>
  <testcase name="listarpornombres()" classname="com.ceiba.licorera.TestInfraestructura.controladorProducto.ControladorProductoTest" time="0.027"/>
  <testcase name="listarproductos()" classname="com.ceiba.licorera.TestInfraestructura.controladorProducto.ControladorProductoTest" time="0.022"/>
  <system-out><![CDATA[2019-12-05 08:43:07.323  INFO 21780 --- [    Test worker] .b.t.c.SpringBootTestContextBootstrapper : Neither @ContextConfiguration nor @ContextHierarchy found for test class [com.ceiba.licorera.TestInfraestructura.controladorProducto.ControladorProductoTest], using SpringBootContextLoader
2019-12-05 08:43:07.325  INFO 21780 --- [    Test worker] o.s.t.c.support.AbstractContextLoader    : Could not detect default resource locations for test class [com.ceiba.licorera.TestInfraestructura.controladorProducto.ControladorProductoTest]: no resource found for suffixes {-context.xml, Context.groovy}.
2019-12-05 08:43:07.332  INFO 21780 --- [    Test worker] .b.t.c.SpringBootTestContextBootstrapper : Loaded default TestExecutionListener class names from location [META-INF/spring.factories]: [org.springframework.boot.test.autoconfigure.restdocs.RestDocsTestExecutionListener, org.springframework.boot.test.autoconfigure.web.client.MockRestServiceServerResetTestExecutionListener, org.springframework.boot.test.autoconfigure.web.servlet.MockMvcPrintOnlyOnFailureTestExecutionListener, org.springframework.boot.test.autoconfigure.web.servlet.WebDriverTestExecutionListener, org.springframework.boot.test.mock.mockito.MockitoTestExecutionListener, org.springframework.boot.test.mock.mockito.ResetMocksTestExecutionListener, org.springframework.test.context.web.ServletTestExecutionListener, org.springframework.test.context.support.DirtiesContextBeforeModesTestExecutionListener, org.springframework.test.context.support.DependencyInjectionTestExecutionListener, org.springframework.test.context.support.DirtiesContextTestExecutionListener, org.springframework.test.context.transaction.TransactionalTestExecutionListener, org.springframework.test.context.jdbc.SqlScriptsTestExecutionListener, org.springframework.test.context.event.EventPublishingTestExecutionListener]
2019-12-05 08:43:07.333  INFO 21780 --- [    Test worker] .b.t.c.SpringBootTestContextBootstrapper : Using TestExecutionListeners: [org.springframework.test.context.web.ServletTestExecutionListener@7adec795, org.springframework.test.context.support.DirtiesContextBeforeModesTestExecutionListener@562a5204, org.springframework.boot.test.mock.mockito.MockitoTestExecutionListener@69c2197b, org.springframework.boot.test.autoconfigure.SpringBootDependencyInjectionTestExecutionListener@6a1da31a, org.springframework.test.context.support.DirtiesContextTestExecutionListener@667333a3, org.springframework.test.context.transaction.TransactionalTestExecutionListener@62cdf71b, org.springframework.test.context.jdbc.SqlScriptsTestExecutionListener@1b3d33f8, org.springframework.test.context.event.EventPublishingTestExecutionListener@1c3f56f6, org.springframework.boot.test.autoconfigure.restdocs.RestDocsTestExecutionListener@632e80f9, org.springframework.boot.test.autoconfigure.web.client.MockRestServiceServerResetTestExecutionListener@6e56d6a8, org.springframework.boot.test.autoconfigure.web.servlet.MockMvcPrintOnlyOnFailureTestExecutionListener@1c868a69, org.springframework.boot.test.autoconfigure.web.servlet.WebDriverTestExecutionListener@7a68e7e9, org.springframework.boot.test.mock.mockito.ResetMocksTestExecutionListener@6d568915]
2019-12-05 08:43:07.344  INFO 21780 --- [    Test worker] o.s.t.c.transaction.TransactionContext   : Began transaction (1) for test context [DefaultTestContext@10d5dc4 testClass = ControladorProductoTest, testInstance = com.ceiba.licorera.TestInfraestructura.controladorProducto.ControladorProductoTest@4aa9c382, testMethod = creaProducto@ControladorProductoTest, testException = [null], mergedContextConfiguration = [WebMergedContextConfiguration@2857396d testClass = ControladorProductoTest, locations = '{}', classes = '{class com.ceiba.licorera.LicoreraApplication, class com.ceiba.licorera.LicoreraApplication}', contextInitializerClasses = '[]', activeProfiles = '{}', propertySourceLocations = '{}', propertySourceProperties = '{org.springframework.boot.test.context.SpringBootTestContextBootstrapper=true}', contextCustomizers = set[org.springframework.boot.test.autoconfigure.properties.PropertyMappingContextCustomizer@4b3fa0b3, org.springframework.boot.test.autoconfigure.web.servlet.WebDriverContextCustomizerFactory$Customizer@2c0df4c, [ImportsContextCustomizer@42dbce3c key = [org.springframework.boot.test.autoconfigure.web.servlet.MockMvcAutoConfiguration, org.springframework.boot.test.autoconfigure.web.servlet.MockMvcWebClientAutoConfiguration, org.springframework.boot.test.autoconfigure.web.servlet.MockMvcWebDriverAutoConfiguration, org.springframework.boot.autoconfigure.security.servlet.SecurityAutoConfiguration, org.springframework.boot.autoconfigure.security.servlet.UserDetailsServiceAutoConfiguration, org.springframework.boot.test.autoconfigure.web.servlet.MockMvcSecurityConfiguration]], org.springframework.boot.test.context.filter.ExcludeFilterContextCustomizer@a3ee60, org.springframework.boot.test.json.DuplicateJsonObjectContextCustomizerFactory$DuplicateJsonObjectContextCustomizer@70cbf702, org.springframework.boot.test.mock.mockito.MockitoContextCustomizer@0, org.springframework.boot.test.web.client.TestRestTemplateContextCustomizer@62f8ffeb], resourceBasePath = 'src/main/webapp', contextLoader = 'org.springframework.boot.test.context.SpringBootContextLoader', parent = [null]], attributes = map['org.springframework.test.context.web.ServletTestExecutionListener.activateListener' -> true, 'org.springframework.test.context.web.ServletTestExecutionListener.populatedRequestContextHolder' -> true, 'org.springframework.test.context.web.ServletTestExecutionListener.resetRequestContextHolder' -> true]]; transaction manager [org.springframework.orm.jpa.JpaTransactionManager@3dc6a065]; rollback [true]

MockHttpServletRequest:
      HTTP Method = POST
      Request URI = /productos
       Parameters = {}
          Headers = [Content-Type:"application/json;charset=UTF-8", Accept:"application/json"]
             Body = {"id":null,"nombre":"cerveza","valor":45000.0}
    Session Attrs = {}

Handler:
             Type = com.ceiba.licorera.infraestructura.controlador.ControladorProducto
           Method = com.ceiba.licorera.infraestructura.controlador.ControladorProducto#crear(ComandoProducto)

Async:
    Async started = false
     Async result = null

Resolved Exception:
             Type = null

ModelAndView:
        View name = null
             View = null
            Model = null

FlashMap:
       Attributes = null

MockHttpServletResponse:
           Status = 200
    Error message = null
          Headers = []
     Content type = null
             Body = 
    Forwarded URL = null
   Redirected URL = null
          Cookies = []
2019-12-05 08:43:07.376  INFO 21780 --- [    Test worker] o.s.t.c.transaction.TransactionContext   : Rolled back transaction for test: [DefaultTestContext@10d5dc4 testClass = ControladorProductoTest, testInstance = com.ceiba.licorera.TestInfraestructura.controladorProducto.ControladorProductoTest@4aa9c382, testMethod = creaProducto@ControladorProductoTest, testException = [null], mergedContextConfiguration = [WebMergedContextConfiguration@2857396d testClass = ControladorProductoTest, locations = '{}', classes = '{class com.ceiba.licorera.LicoreraApplication, class com.ceiba.licorera.LicoreraApplication}', contextInitializerClasses = '[]', activeProfiles = '{}', propertySourceLocations = '{}', propertySourceProperties = '{org.springframework.boot.test.context.SpringBootTestContextBootstrapper=true}', contextCustomizers = set[org.springframework.boot.test.autoconfigure.properties.PropertyMappingContextCustomizer@4b3fa0b3, org.springframework.boot.test.autoconfigure.web.servlet.WebDriverContextCustomizerFactory$Customizer@2c0df4c, [ImportsContextCustomizer@42dbce3c key = [org.springframework.boot.test.autoconfigure.web.servlet.MockMvcAutoConfiguration, org.springframework.boot.test.autoconfigure.web.servlet.MockMvcWebClientAutoConfiguration, org.springframework.boot.test.autoconfigure.web.servlet.MockMvcWebDriverAutoConfiguration, org.springframework.boot.autoconfigure.security.servlet.SecurityAutoConfiguration, org.springframework.boot.autoconfigure.security.servlet.UserDetailsServiceAutoConfiguration, org.springframework.boot.test.autoconfigure.web.servlet.MockMvcSecurityConfiguration]], org.springframework.boot.test.context.filter.ExcludeFilterContextCustomizer@a3ee60, org.springframework.boot.test.json.DuplicateJsonObjectContextCustomizerFactory$DuplicateJsonObjectContextCustomizer@70cbf702, org.springframework.boot.test.mock.mockito.MockitoContextCustomizer@0, org.springframework.boot.test.web.client.TestRestTemplateContextCustomizer@62f8ffeb], resourceBasePath = 'src/main/webapp', contextLoader = 'org.springframework.boot.test.context.SpringBootContextLoader', parent = [null]], attributes = map['org.springframework.test.context.web.ServletTestExecutionListener.activateListener' -> true, 'org.springframework.test.context.web.ServletTestExecutionListener.populatedRequestContextHolder' -> true, 'org.springframework.test.context.web.ServletTestExecutionListener.resetRequestContextHolder' -> true]]
2019-12-05 08:43:07.381  INFO 21780 --- [    Test worker] o.s.t.c.transaction.TransactionContext   : Began transaction (1) for test context [DefaultTestContext@10d5dc4 testClass = ControladorProductoTest, testInstance = com.ceiba.licorera.TestInfraestructura.controladorProducto.ControladorProductoTest@29c4bf20, testMethod = listarpornombres@ControladorProductoTest, testException = [null], mergedContextConfiguration = [WebMergedContextConfiguration@2857396d testClass = ControladorProductoTest, locations = '{}', classes = '{class com.ceiba.licorera.LicoreraApplication, class com.ceiba.licorera.LicoreraApplication}', contextInitializerClasses = '[]', activeProfiles = '{}', propertySourceLocations = '{}', propertySourceProperties = '{org.springframework.boot.test.context.SpringBootTestContextBootstrapper=true}', contextCustomizers = set[org.springframework.boot.test.autoconfigure.properties.PropertyMappingContextCustomizer@4b3fa0b3, org.springframework.boot.test.autoconfigure.web.servlet.WebDriverContextCustomizerFactory$Customizer@2c0df4c, [ImportsContextCustomizer@42dbce3c key = [org.springframework.boot.test.autoconfigure.web.servlet.MockMvcAutoConfiguration, org.springframework.boot.test.autoconfigure.web.servlet.MockMvcWebClientAutoConfiguration, org.springframework.boot.test.autoconfigure.web.servlet.MockMvcWebDriverAutoConfiguration, org.springframework.boot.autoconfigure.security.servlet.SecurityAutoConfiguration, org.springframework.boot.autoconfigure.security.servlet.UserDetailsServiceAutoConfiguration, org.springframework.boot.test.autoconfigure.web.servlet.MockMvcSecurityConfiguration]], org.springframework.boot.test.context.filter.ExcludeFilterContextCustomizer@a3ee60, org.springframework.boot.test.json.DuplicateJsonObjectContextCustomizerFactory$DuplicateJsonObjectContextCustomizer@70cbf702, org.springframework.boot.test.mock.mockito.MockitoContextCustomizer@0, org.springframework.boot.test.web.client.TestRestTemplateContextCustomizer@62f8ffeb], resourceBasePath = 'src/main/webapp', contextLoader = 'org.springframework.boot.test.context.SpringBootContextLoader', parent = [null]], attributes = map['org.springframework.test.context.web.ServletTestExecutionListener.activateListener' -> true, 'org.springframework.test.context.web.ServletTestExecutionListener.populatedRequestContextHolder' -> true, 'org.springframework.test.context.web.ServletTestExecutionListener.resetRequestContextHolder' -> true]]; transaction manager [org.springframework.orm.jpa.JpaTransactionManager@3dc6a065]; rollback [true]

MockHttpServletRequest:
      HTTP Method = GET
      Request URI = /productos/ron
       Parameters = {}
          Headers = []
             Body = null
    Session Attrs = {}

Handler:
             Type = com.ceiba.licorera.infraestructura.controlador.ControladorProducto
           Method = com.ceiba.licorera.infraestructura.controlador.ControladorProducto#buscarPorNombre(String)

Async:
    Async started = false
     Async result = null

Resolved Exception:
             Type = null

ModelAndView:
        View name = null
             View = null
            Model = null

FlashMap:
       Attributes = null

MockHttpServletResponse:
           Status = 200
    Error message = null
          Headers = [Content-Type:"application/json"]
     Content type = application/json
             Body = [{"idProducto":null,"nombre":"vodka","valor":55000.0},{"idProducto":null,"nombre":"ron","valor":40000.0}]
    Forwarded URL = null
   Redirected URL = null
          Cookies = []
2019-12-05 08:43:07.405  INFO 21780 --- [    Test worker] o.s.t.c.transaction.TransactionContext   : Rolled back transaction for test: [DefaultTestContext@10d5dc4 testClass = ControladorProductoTest, testInstance = com.ceiba.licorera.TestInfraestructura.controladorProducto.ControladorProductoTest@29c4bf20, testMethod = listarpornombres@ControladorProductoTest, testException = [null], mergedContextConfiguration = [WebMergedContextConfiguration@2857396d testClass = ControladorProductoTest, locations = '{}', classes = '{class com.ceiba.licorera.LicoreraApplication, class com.ceiba.licorera.LicoreraApplication}', contextInitializerClasses = '[]', activeProfiles = '{}', propertySourceLocations = '{}', propertySourceProperties = '{org.springframework.boot.test.context.SpringBootTestContextBootstrapper=true}', contextCustomizers = set[org.springframework.boot.test.autoconfigure.properties.PropertyMappingContextCustomizer@4b3fa0b3, org.springframework.boot.test.autoconfigure.web.servlet.WebDriverContextCustomizerFactory$Customizer@2c0df4c, [ImportsContextCustomizer@42dbce3c key = [org.springframework.boot.test.autoconfigure.web.servlet.MockMvcAutoConfiguration, org.springframework.boot.test.autoconfigure.web.servlet.MockMvcWebClientAutoConfiguration, org.springframework.boot.test.autoconfigure.web.servlet.MockMvcWebDriverAutoConfiguration, org.springframework.boot.autoconfigure.security.servlet.SecurityAutoConfiguration, org.springframework.boot.autoconfigure.security.servlet.UserDetailsServiceAutoConfiguration, org.springframework.boot.test.autoconfigure.web.servlet.MockMvcSecurityConfiguration]], org.springframework.boot.test.context.filter.ExcludeFilterContextCustomizer@a3ee60, org.springframework.boot.test.json.DuplicateJsonObjectContextCustomizerFactory$DuplicateJsonObjectContextCustomizer@70cbf702, org.springframework.boot.test.mock.mockito.MockitoContextCustomizer@0, org.springframework.boot.test.web.client.TestRestTemplateContextCustomizer@62f8ffeb], resourceBasePath = 'src/main/webapp', contextLoader = 'org.springframework.boot.test.context.SpringBootContextLoader', parent = [null]], attributes = map['org.springframework.test.context.web.ServletTestExecutionListener.activateListener' -> true, 'org.springframework.test.context.web.ServletTestExecutionListener.populatedRequestContextHolder' -> true, 'org.springframework.test.context.web.ServletTestExecutionListener.resetRequestContextHolder' -> true]]
2019-12-05 08:43:07.410  INFO 21780 --- [    Test worker] o.s.t.c.transaction.TransactionContext   : Began transaction (1) for test context [DefaultTestContext@10d5dc4 testClass = ControladorProductoTest, testInstance = com.ceiba.licorera.TestInfraestructura.controladorProducto.ControladorProductoTest@550d5b93, testMethod = listarproductos@ControladorProductoTest, testException = [null], mergedContextConfiguration = [WebMergedContextConfiguration@2857396d testClass = ControladorProductoTest, locations = '{}', classes = '{class com.ceiba.licorera.LicoreraApplication, class com.ceiba.licorera.LicoreraApplication}', contextInitializerClasses = '[]', activeProfiles = '{}', propertySourceLocations = '{}', propertySourceProperties = '{org.springframework.boot.test.context.SpringBootTestContextBootstrapper=true}', contextCustomizers = set[org.springframework.boot.test.autoconfigure.properties.PropertyMappingContextCustomizer@4b3fa0b3, org.springframework.boot.test.autoconfigure.web.servlet.WebDriverContextCustomizerFactory$Customizer@2c0df4c, [ImportsContextCustomizer@42dbce3c key = [org.springframework.boot.test.autoconfigure.web.servlet.MockMvcAutoConfiguration, org.springframework.boot.test.autoconfigure.web.servlet.MockMvcWebClientAutoConfiguration, org.springframework.boot.test.autoconfigure.web.servlet.MockMvcWebDriverAutoConfiguration, org.springframework.boot.autoconfigure.security.servlet.SecurityAutoConfiguration, org.springframework.boot.autoconfigure.security.servlet.UserDetailsServiceAutoConfiguration, org.springframework.boot.test.autoconfigure.web.servlet.MockMvcSecurityConfiguration]], org.springframework.boot.test.context.filter.ExcludeFilterContextCustomizer@a3ee60, org.springframework.boot.test.json.DuplicateJsonObjectContextCustomizerFactory$DuplicateJsonObjectContextCustomizer@70cbf702, org.springframework.boot.test.mock.mockito.MockitoContextCustomizer@0, org.springframework.boot.test.web.client.TestRestTemplateContextCustomizer@62f8ffeb], resourceBasePath = 'src/main/webapp', contextLoader = 'org.springframework.boot.test.context.SpringBootContextLoader', parent = [null]], attributes = map['org.springframework.test.context.web.ServletTestExecutionListener.activateListener' -> true, 'org.springframework.test.context.web.ServletTestExecutionListener.populatedRequestContextHolder' -> true, 'org.springframework.test.context.web.ServletTestExecutionListener.resetRequestContextHolder' -> true]]; transaction manager [org.springframework.orm.jpa.JpaTransactionManager@3dc6a065]; rollback [true]

MockHttpServletRequest:
      HTTP Method = GET
      Request URI = /productos
       Parameters = {}
          Headers = []
             Body = null
    Session Attrs = {}

Handler:
             Type = com.ceiba.licorera.infraestructura.controlador.ControladorProducto
           Method = com.ceiba.licorera.infraestructura.controlador.ControladorProducto#listarProductos()

Async:
    Async started = false
     Async result = null

Resolved Exception:
             Type = null

ModelAndView:
        View name = null
             View = null
            Model = null

FlashMap:
       Attributes = null

MockHttpServletResponse:
           Status = 200
    Error message = null
          Headers = [Content-Type:"application/json"]
     Content type = application/json
             Body = [{"idProducto":null,"nombre":"vodka","valor":55000.0},{"idProducto":null,"nombre":"ron","valor":40000.0}]
    Forwarded URL = null
   Redirected URL = null
          Cookies = []
2019-12-05 08:43:07.428  INFO 21780 --- [    Test worker] o.s.t.c.transaction.TransactionContext   : Rolled back transaction for test: [DefaultTestContext@10d5dc4 testClass = ControladorProductoTest, testInstance = com.ceiba.licorera.TestInfraestructura.controladorProducto.ControladorProductoTest@550d5b93, testMethod = listarproductos@ControladorProductoTest, testException = [null], mergedContextConfiguration = [WebMergedContextConfiguration@2857396d testClass = ControladorProductoTest, locations = '{}', classes = '{class com.ceiba.licorera.LicoreraApplication, class com.ceiba.licorera.LicoreraApplication}', contextInitializerClasses = '[]', activeProfiles = '{}', propertySourceLocations = '{}', propertySourceProperties = '{org.springframework.boot.test.context.SpringBootTestContextBootstrapper=true}', contextCustomizers = set[org.springframework.boot.test.autoconfigure.properties.PropertyMappingContextCustomizer@4b3fa0b3, org.springframework.boot.test.autoconfigure.web.servlet.WebDriverContextCustomizerFactory$Customizer@2c0df4c, [ImportsContextCustomizer@42dbce3c key = [org.springframework.boot.test.autoconfigure.web.servlet.MockMvcAutoConfiguration, org.springframework.boot.test.autoconfigure.web.servlet.MockMvcWebClientAutoConfiguration, org.springframework.boot.test.autoconfigure.web.servlet.MockMvcWebDriverAutoConfiguration, org.springframework.boot.autoconfigure.security.servlet.SecurityAutoConfiguration, org.springframework.boot.autoconfigure.security.servlet.UserDetailsServiceAutoConfiguration, org.springframework.boot.test.autoconfigure.web.servlet.MockMvcSecurityConfiguration]], org.springframework.boot.test.context.filter.ExcludeFilterContextCustomizer@a3ee60, org.springframework.boot.test.json.DuplicateJsonObjectContextCustomizerFactory$DuplicateJsonObjectContextCustomizer@70cbf702, org.springframework.boot.test.mock.mockito.MockitoContextCustomizer@0, org.springframework.boot.test.web.client.TestRestTemplateContextCustomizer@62f8ffeb], resourceBasePath = 'src/main/webapp', contextLoader = 'org.springframework.boot.test.context.SpringBootContextLoader', parent = [null]], attributes = map['org.springframework.test.context.web.ServletTestExecutionListener.activateListener' -> true, 'org.springframework.test.context.web.ServletTestExecutionListener.populatedRequestContextHolder' -> true, 'org.springframework.test.context.web.ServletTestExecutionListener.resetRequestContextHolder' -> true]]
]]></system-out>
  <system-err><![CDATA[]]></system-err>
</testsuite>
