<?xml version="1.0" encoding="UTF-8"?>
<testsuite name="com.ceiba.licorera.TestInfraestructura.controladorProducto.controladorProducto.ControladorProductoTest" tests="3" skipped="0" failures="0" errors="0" timestamp="2019-11-25T13:10:20" hostname="VERONICA-ZAPATA" time="0.704">
  <properties/>
  <testcase name="creaProducto()" classname="com.ceiba.licorera.TestInfraestructura.controladorProducto.controladorProducto.ControladorProductoTest" time="0.587"/>
  <testcase name="listarpornombres()" classname="com.ceiba.licorera.TestInfraestructura.controladorProducto.controladorProducto.ControladorProductoTest" time="0.098"/>
  <testcase name="listarproductos()" classname="com.ceiba.licorera.TestInfraestructura.controladorProducto.controladorProducto.ControladorProductoTest" time="0.016"/>
  <system-out><![CDATA[08:10:08.918 [Test worker] DEBUG org.springframework.test.context.BootstrapUtils - Instantiating CacheAwareContextLoaderDelegate from class [org.springframework.test.context.cache.DefaultCacheAwareContextLoaderDelegate]
08:10:08.981 [Test worker] DEBUG org.springframework.test.context.BootstrapUtils - Instantiating BootstrapContext using constructor [public org.springframework.test.context.support.DefaultBootstrapContext(java.lang.Class,org.springframework.test.context.CacheAwareContextLoaderDelegate)]
08:10:09.154 [Test worker] DEBUG org.springframework.test.context.BootstrapUtils - Instantiating TestContextBootstrapper for test class [com.ceiba.licorera.TestInfraestructura.controladorProducto.controladorProducto.ControladorProductoTest] from class [org.springframework.boot.test.context.SpringBootTestContextBootstrapper]
08:10:09.197 [Test worker] INFO org.springframework.boot.test.context.SpringBootTestContextBootstrapper - Neither @ContextConfiguration nor @ContextHierarchy found for test class [com.ceiba.licorera.TestInfraestructura.controladorProducto.controladorProducto.ControladorProductoTest], using SpringBootContextLoader
08:10:09.214 [Test worker] DEBUG org.springframework.test.context.support.AbstractContextLoader - Did not detect default resource location for test class [com.ceiba.licorera.TestInfraestructura.controladorProducto.controladorProducto.ControladorProductoTest]: class path resource [com/ceiba/licorera/TestInfraestructura/controladorProducto/controladorProducto/ControladorProductoTest-context.xml] does not exist
08:10:09.215 [Test worker] DEBUG org.springframework.test.context.support.AbstractContextLoader - Did not detect default resource location for test class [com.ceiba.licorera.TestInfraestructura.controladorProducto.controladorProducto.ControladorProductoTest]: class path resource [com/ceiba/licorera/TestInfraestructura/controladorProducto/controladorProducto/ControladorProductoTestContext.groovy] does not exist
08:10:09.219 [Test worker] INFO org.springframework.test.context.support.AbstractContextLoader - Could not detect default resource locations for test class [com.ceiba.licorera.TestInfraestructura.controladorProducto.controladorProducto.ControladorProductoTest]: no resource found for suffixes {-context.xml, Context.groovy}.
08:10:09.375 [Test worker] DEBUG org.springframework.test.context.support.ActiveProfilesUtils - Could not find an 'annotation declaring class' for annotation type [org.springframework.test.context.ActiveProfiles] and class [com.ceiba.licorera.TestInfraestructura.controladorProducto.controladorProducto.ControladorProductoTest]
08:10:09.803 [Test worker] DEBUG org.springframework.boot.test.context.SpringBootTestContextBootstrapper - @TestExecutionListeners is not present for class [com.ceiba.licorera.TestInfraestructura.controladorProducto.controladorProducto.ControladorProductoTest]: using defaults.
08:10:09.807 [Test worker] INFO org.springframework.boot.test.context.SpringBootTestContextBootstrapper - Loaded default TestExecutionListener class names from location [META-INF/spring.factories]: [org.springframework.boot.test.autoconfigure.restdocs.RestDocsTestExecutionListener, org.springframework.boot.test.autoconfigure.web.client.MockRestServiceServerResetTestExecutionListener, org.springframework.boot.test.autoconfigure.web.servlet.MockMvcPrintOnlyOnFailureTestExecutionListener, org.springframework.boot.test.autoconfigure.web.servlet.WebDriverTestExecutionListener, org.springframework.boot.test.mock.mockito.MockitoTestExecutionListener, org.springframework.boot.test.mock.mockito.ResetMocksTestExecutionListener, org.springframework.test.context.web.ServletTestExecutionListener, org.springframework.test.context.support.DirtiesContextBeforeModesTestExecutionListener, org.springframework.test.context.support.DependencyInjectionTestExecutionListener, org.springframework.test.context.support.DirtiesContextTestExecutionListener, org.springframework.test.context.transaction.TransactionalTestExecutionListener, org.springframework.test.context.jdbc.SqlScriptsTestExecutionListener, org.springframework.test.context.event.EventPublishingTestExecutionListener]
08:10:09.855 [Test worker] INFO org.springframework.boot.test.context.SpringBootTestContextBootstrapper - Using TestExecutionListeners: [org.springframework.test.context.web.ServletTestExecutionListener@6df5a37b, org.springframework.test.context.support.DirtiesContextBeforeModesTestExecutionListener@580ef9d3, org.springframework.boot.test.mock.mockito.MockitoTestExecutionListener@71a6fb89, org.springframework.boot.test.autoconfigure.SpringBootDependencyInjectionTestExecutionListener@11702361, org.springframework.test.context.support.DirtiesContextTestExecutionListener@515ea44f, org.springframework.test.context.transaction.TransactionalTestExecutionListener@7eb10fd6, org.springframework.test.context.jdbc.SqlScriptsTestExecutionListener@380dc93a, org.springframework.test.context.event.EventPublishingTestExecutionListener@28769e71, org.springframework.boot.test.autoconfigure.restdocs.RestDocsTestExecutionListener@cae2bec, org.springframework.boot.test.autoconfigure.web.client.MockRestServiceServerResetTestExecutionListener@7a975a10, org.springframework.boot.test.autoconfigure.web.servlet.MockMvcPrintOnlyOnFailureTestExecutionListener@2c051861, org.springframework.boot.test.autoconfigure.web.servlet.WebDriverTestExecutionListener@309c8e86, org.springframework.boot.test.mock.mockito.ResetMocksTestExecutionListener@4d103232]
08:10:09.863 [Test worker] DEBUG org.springframework.test.context.support.AbstractDirtiesContextTestExecutionListener - Before test class: context [DefaultTestContext@6e3fc8e8 testClass = ControladorProductoTest, testInstance = [null], testMethod = [null], testException = [null], mergedContextConfiguration = [WebMergedContextConfiguration@792d1942 testClass = ControladorProductoTest, locations = '{}', classes = '{class com.ceiba.licorera.LicoreraApplication, class com.ceiba.licorera.LicoreraApplication}', contextInitializerClasses = '[]', activeProfiles = '{}', propertySourceLocations = '{}', propertySourceProperties = '{org.springframework.boot.test.context.SpringBootTestContextBootstrapper=true}', contextCustomizers = set[org.springframework.boot.test.autoconfigure.properties.PropertyMappingContextCustomizer@4b3fa0b3, org.springframework.boot.test.autoconfigure.web.servlet.WebDriverContextCustomizerFactory$Customizer@72ec5f5a, [ImportsContextCustomizer@2c6c3dc7 key = [org.springframework.boot.test.autoconfigure.web.servlet.MockMvcAutoConfiguration, org.springframework.boot.test.autoconfigure.web.servlet.MockMvcWebClientAutoConfiguration, org.springframework.boot.test.autoconfigure.web.servlet.MockMvcWebDriverAutoConfiguration, org.springframework.boot.autoconfigure.security.servlet.SecurityAutoConfiguration, org.springframework.boot.autoconfigure.security.servlet.UserDetailsServiceAutoConfiguration, org.springframework.boot.test.autoconfigure.web.servlet.MockMvcSecurityConfiguration]], org.springframework.boot.test.context.filter.ExcludeFilterContextCustomizer@1ade3aad, org.springframework.boot.test.json.DuplicateJsonObjectContextCustomizerFactory$DuplicateJsonObjectContextCustomizer@27438146, org.springframework.boot.test.mock.mockito.MockitoContextCustomizer@0, org.springframework.boot.test.web.client.TestRestTemplateContextCustomizer@3578088], resourceBasePath = 'src/main/webapp', contextLoader = 'org.springframework.boot.test.context.SpringBootContextLoader', parent = [null]], attributes = map['org.springframework.test.context.web.ServletTestExecutionListener.activateListener' -> true]], class annotated with @DirtiesContext [false] with mode [null].
08:10:09.932 [Test worker] DEBUG org.springframework.test.context.support.TestPropertySourceUtils - Adding inlined properties to environment: {spring.jmx.enabled=false, org.springframework.boot.test.context.SpringBootTestContextBootstrapper=true, server.port=-1}

  .   ____          _            __ _ _
 /\\ / ___'_ __ _ _(_)_ __  __ _ \ \ \ \
( ( )\___ | '_ | '_| | '_ \/ _` | \ \ \ \
 \\/  ___)| |_)| | | | | || (_| |  ) ) ) )
  '  |____| .__|_| |_|_| |_\__, | / / / /
 =========|_|==============|___/=/_/_/_/
 :: Spring Boot ::        (v2.2.0.RELEASE)

2019-11-25 08:10:10.747  INFO 18992 --- [    Test worker] c.c.l.T.c.c.ControladorProductoTest      : Starting ControladorProductoTest on VERONICA-ZAPATA with PID 18992 (started by veronica.zapata in C:\Users\veronica.zapata\Desktop\Proyectos\licorera)
2019-11-25 08:10:10.750  INFO 18992 --- [    Test worker] c.c.l.T.c.c.ControladorProductoTest      : No active profile set, falling back to default profiles: default
2019-11-25 08:10:12.455  INFO 18992 --- [    Test worker] .s.d.r.c.RepositoryConfigurationDelegate : Bootstrapping Spring Data repositories in DEFAULT mode.
2019-11-25 08:10:12.636  INFO 18992 --- [    Test worker] .s.d.r.c.RepositoryConfigurationDelegate : Finished Spring Data repository scanning in 157ms. Found 3 repository interfaces.
2019-11-25 08:10:13.421  INFO 18992 --- [    Test worker] trationDelegate$BeanPostProcessorChecker : Bean 'org.springframework.transaction.annotation.ProxyTransactionManagementConfiguration' of type [org.springframework.transaction.annotation.ProxyTransactionManagementConfiguration] is not eligible for getting processed by all BeanPostProcessors (for example: not eligible for auto-proxying)
2019-11-25 08:10:13.918  INFO 18992 --- [    Test worker] o.hibernate.jpa.internal.util.LogHelper  : HHH000204: Processing PersistenceUnitInfo [name: default]
2019-11-25 08:10:14.079  INFO 18992 --- [    Test worker] org.hibernate.Version                    : HHH000412: Hibernate Core {5.4.6.Final}
2019-11-25 08:10:14.176  INFO 18992 --- [    Test worker] o.hibernate.annotations.common.Version   : HCANN000001: Hibernate Commons Annotations {5.1.0.Final}
2019-11-25 08:10:14.449  INFO 18992 --- [    Test worker] com.zaxxer.hikari.HikariDataSource       : HikariPool-1 - Starting...
2019-11-25 08:10:15.980  INFO 18992 --- [    Test worker] com.zaxxer.hikari.HikariDataSource       : HikariPool-1 - Start completed.
2019-11-25 08:10:16.031  INFO 18992 --- [    Test worker] org.hibernate.dialect.Dialect            : HHH000400: Using dialect: org.hibernate.dialect.PostgreSQL10Dialect
2019-11-25 08:10:17.618  INFO 18992 --- [    Test worker] o.h.e.t.j.p.i.JtaPlatformInitiator       : HHH000490: Using JtaPlatform implementation: [org.hibernate.engine.transaction.jta.platform.internal.NoJtaPlatform]
2019-11-25 08:10:17.630  INFO 18992 --- [    Test worker] j.LocalContainerEntityManagerFactoryBean : Initialized JPA EntityManagerFactory for persistence unit 'default'
2019-11-25 08:10:19.279  WARN 18992 --- [    Test worker] JpaBaseConfiguration$JpaWebConfiguration : spring.jpa.open-in-view is enabled by default. Therefore, database queries may be performed during view rendering. Explicitly configure spring.jpa.open-in-view to disable this warning
2019-11-25 08:10:19.737  INFO 18992 --- [    Test worker] o.s.s.concurrent.ThreadPoolTaskExecutor  : Initializing ExecutorService 'applicationTaskExecutor'
2019-11-25 08:10:20.445  INFO 18992 --- [    Test worker] o.s.b.t.m.w.SpringBootMockServletContext : Initializing Spring TestDispatcherServlet ''
2019-11-25 08:10:20.445  INFO 18992 --- [    Test worker] o.s.t.web.servlet.TestDispatcherServlet  : Initializing Servlet ''
2019-11-25 08:10:20.472  INFO 18992 --- [    Test worker] o.s.t.web.servlet.TestDispatcherServlet  : Completed initialization in 26 ms
2019-11-25 08:10:20.505  INFO 18992 --- [    Test worker] c.c.l.T.c.c.ControladorProductoTest      : Started ControladorProductoTest in 10.546 seconds (JVM running for 16.529)
2019-11-25 08:10:20.571  INFO 18992 --- [    Test worker] o.s.t.c.transaction.TransactionContext   : Began transaction (1) for test context [DefaultTestContext@6e3fc8e8 testClass = ControladorProductoTest, testInstance = com.ceiba.licorera.TestInfraestructura.controladorProducto.controladorProducto.ControladorProductoTest@868e30e, testMethod = creaProducto@ControladorProductoTest, testException = [null], mergedContextConfiguration = [WebMergedContextConfiguration@792d1942 testClass = ControladorProductoTest, locations = '{}', classes = '{class com.ceiba.licorera.LicoreraApplication, class com.ceiba.licorera.LicoreraApplication}', contextInitializerClasses = '[]', activeProfiles = '{}', propertySourceLocations = '{}', propertySourceProperties = '{org.springframework.boot.test.context.SpringBootTestContextBootstrapper=true}', contextCustomizers = set[org.springframework.boot.test.autoconfigure.properties.PropertyMappingContextCustomizer@4b3fa0b3, org.springframework.boot.test.autoconfigure.web.servlet.WebDriverContextCustomizerFactory$Customizer@72ec5f5a, [ImportsContextCustomizer@2c6c3dc7 key = [org.springframework.boot.test.autoconfigure.web.servlet.MockMvcAutoConfiguration, org.springframework.boot.test.autoconfigure.web.servlet.MockMvcWebClientAutoConfiguration, org.springframework.boot.test.autoconfigure.web.servlet.MockMvcWebDriverAutoConfiguration, org.springframework.boot.autoconfigure.security.servlet.SecurityAutoConfiguration, org.springframework.boot.autoconfigure.security.servlet.UserDetailsServiceAutoConfiguration, org.springframework.boot.test.autoconfigure.web.servlet.MockMvcSecurityConfiguration]], org.springframework.boot.test.context.filter.ExcludeFilterContextCustomizer@1ade3aad, org.springframework.boot.test.json.DuplicateJsonObjectContextCustomizerFactory$DuplicateJsonObjectContextCustomizer@27438146, org.springframework.boot.test.mock.mockito.MockitoContextCustomizer@0, org.springframework.boot.test.web.client.TestRestTemplateContextCustomizer@3578088], resourceBasePath = 'src/main/webapp', contextLoader = 'org.springframework.boot.test.context.SpringBootContextLoader', parent = [null]], attributes = map['org.springframework.test.context.web.ServletTestExecutionListener.activateListener' -> true, 'org.springframework.test.context.web.ServletTestExecutionListener.populatedRequestContextHolder' -> true, 'org.springframework.test.context.web.ServletTestExecutionListener.resetRequestContextHolder' -> true]]; transaction manager [org.springframework.orm.jpa.JpaTransactionManager@66abb8b]; rollback [true]
Hibernate: select productoen0_.nombre as nombre1_2_, productoen0_.valor as valor2_2_ from productos productoen0_ where productoen0_.nombre like ?
Hibernate: select productoen0_.nombre as nombre1_2_0_, productoen0_.valor as valor2_2_0_ from productos productoen0_ where productoen0_.nombre=?

MockHttpServletRequest:
      HTTP Method = POST
      Request URI = /productos
       Parameters = {}
          Headers = [Content-Type:"application/json;charset=UTF-8", Accept:"application/json"]
             Body = {"id":null,"nombre":"cerveza","valor":45000.0}
    Session Attrs = {}

Handler:
             Type = com.ceiba.licorera.infraestructura.controlador.ControladorProducto
           Method = com.ceiba.licorera.infraestructura.controlador.ControladorProducto#crear(ComandoProducto)

Async:
    Async started = false
     Async result = null

Resolved Exception:
             Type = null

ModelAndView:
        View name = null
             View = null
            Model = null

FlashMap:
       Attributes = null

MockHttpServletResponse:
           Status = 200
    Error message = null
          Headers = [Vary:"Origin", "Access-Control-Request-Method", "Access-Control-Request-Headers"]
     Content type = null
             Body = 
    Forwarded URL = null
   Redirected URL = null
          Cookies = []
2019-11-25 08:10:21.131  INFO 18992 --- [    Test worker] o.s.t.c.transaction.TransactionContext   : Rolled back transaction for test: [DefaultTestContext@6e3fc8e8 testClass = ControladorProductoTest, testInstance = com.ceiba.licorera.TestInfraestructura.controladorProducto.controladorProducto.ControladorProductoTest@868e30e, testMethod = creaProducto@ControladorProductoTest, testException = [null], mergedContextConfiguration = [WebMergedContextConfiguration@792d1942 testClass = ControladorProductoTest, locations = '{}', classes = '{class com.ceiba.licorera.LicoreraApplication, class com.ceiba.licorera.LicoreraApplication}', contextInitializerClasses = '[]', activeProfiles = '{}', propertySourceLocations = '{}', propertySourceProperties = '{org.springframework.boot.test.context.SpringBootTestContextBootstrapper=true}', contextCustomizers = set[org.springframework.boot.test.autoconfigure.properties.PropertyMappingContextCustomizer@4b3fa0b3, org.springframework.boot.test.autoconfigure.web.servlet.WebDriverContextCustomizerFactory$Customizer@72ec5f5a, [ImportsContextCustomizer@2c6c3dc7 key = [org.springframework.boot.test.autoconfigure.web.servlet.MockMvcAutoConfiguration, org.springframework.boot.test.autoconfigure.web.servlet.MockMvcWebClientAutoConfiguration, org.springframework.boot.test.autoconfigure.web.servlet.MockMvcWebDriverAutoConfiguration, org.springframework.boot.autoconfigure.security.servlet.SecurityAutoConfiguration, org.springframework.boot.autoconfigure.security.servlet.UserDetailsServiceAutoConfiguration, org.springframework.boot.test.autoconfigure.web.servlet.MockMvcSecurityConfiguration]], org.springframework.boot.test.context.filter.ExcludeFilterContextCustomizer@1ade3aad, org.springframework.boot.test.json.DuplicateJsonObjectContextCustomizerFactory$DuplicateJsonObjectContextCustomizer@27438146, org.springframework.boot.test.mock.mockito.MockitoContextCustomizer@0, org.springframework.boot.test.web.client.TestRestTemplateContextCustomizer@3578088], resourceBasePath = 'src/main/webapp', contextLoader = 'org.springframework.boot.test.context.SpringBootContextLoader', parent = [null]], attributes = map['org.springframework.test.context.web.ServletTestExecutionListener.activateListener' -> true, 'org.springframework.test.context.web.ServletTestExecutionListener.populatedRequestContextHolder' -> true, 'org.springframework.test.context.web.ServletTestExecutionListener.resetRequestContextHolder' -> true]]
2019-11-25 08:10:21.135  INFO 18992 --- [    Test worker] o.s.t.c.transaction.TransactionContext   : Began transaction (1) for test context [DefaultTestContext@6e3fc8e8 testClass = ControladorProductoTest, testInstance = com.ceiba.licorera.TestInfraestructura.controladorProducto.controladorProducto.ControladorProductoTest@2dd0da4a, testMethod = listarpornombres@ControladorProductoTest, testException = [null], mergedContextConfiguration = [WebMergedContextConfiguration@792d1942 testClass = ControladorProductoTest, locations = '{}', classes = '{class com.ceiba.licorera.LicoreraApplication, class com.ceiba.licorera.LicoreraApplication}', contextInitializerClasses = '[]', activeProfiles = '{}', propertySourceLocations = '{}', propertySourceProperties = '{org.springframework.boot.test.context.SpringBootTestContextBootstrapper=true}', contextCustomizers = set[org.springframework.boot.test.autoconfigure.properties.PropertyMappingContextCustomizer@4b3fa0b3, org.springframework.boot.test.autoconfigure.web.servlet.WebDriverContextCustomizerFactory$Customizer@72ec5f5a, [ImportsContextCustomizer@2c6c3dc7 key = [org.springframework.boot.test.autoconfigure.web.servlet.MockMvcAutoConfiguration, org.springframework.boot.test.autoconfigure.web.servlet.MockMvcWebClientAutoConfiguration, org.springframework.boot.test.autoconfigure.web.servlet.MockMvcWebDriverAutoConfiguration, org.springframework.boot.autoconfigure.security.servlet.SecurityAutoConfiguration, org.springframework.boot.autoconfigure.security.servlet.UserDetailsServiceAutoConfiguration, org.springframework.boot.test.autoconfigure.web.servlet.MockMvcSecurityConfiguration]], org.springframework.boot.test.context.filter.ExcludeFilterContextCustomizer@1ade3aad, org.springframework.boot.test.json.DuplicateJsonObjectContextCustomizerFactory$DuplicateJsonObjectContextCustomizer@27438146, org.springframework.boot.test.mock.mockito.MockitoContextCustomizer@0, org.springframework.boot.test.web.client.TestRestTemplateContextCustomizer@3578088], resourceBasePath = 'src/main/webapp', contextLoader = 'org.springframework.boot.test.context.SpringBootContextLoader', parent = [null]], attributes = map['org.springframework.test.context.web.ServletTestExecutionListener.activateListener' -> true, 'org.springframework.test.context.web.ServletTestExecutionListener.populatedRequestContextHolder' -> true, 'org.springframework.test.context.web.ServletTestExecutionListener.resetRequestContextHolder' -> true]]; transaction manager [org.springframework.orm.jpa.JpaTransactionManager@66abb8b]; rollback [true]
Hibernate: select productoen0_.nombre as nombre1_2_, productoen0_.valor as valor2_2_ from productos productoen0_

MockHttpServletRequest:
      HTTP Method = GET
      Request URI = /productos/vodka
       Parameters = {}
          Headers = [Content-Type:"application/json;charset=UTF-8"]
             Body = null
    Session Attrs = {}

Handler:
             Type = com.ceiba.licorera.infraestructura.controlador.ControladorProducto
           Method = com.ceiba.licorera.infraestructura.controlador.ControladorProducto#buscarPorNombre(String)

Async:
    Async started = false
     Async result = null

Resolved Exception:
             Type = null

ModelAndView:
        View name = null
             View = null
            Model = null

FlashMap:
       Attributes = null

MockHttpServletResponse:
           Status = 200
    Error message = null
          Headers = [Vary:"Origin", "Access-Control-Request-Method", "Access-Control-Request-Headers", Content-Type:"application/json"]
     Content type = application/json
             Body = [{"idProducto":null,"nombre":"vodka litro","valor":70000.0},{"idProducto":null,"nombre":"vodka absolute","valor":450000.0},{"idProducto":null,"nombre":"ron","valor":450000.0},{"idProducto":null,"nombre":"guaro","valor":450000.0}]
    Forwarded URL = null
   Redirected URL = null
          Cookies = []
2019-11-25 08:10:21.230  INFO 18992 --- [    Test worker] o.s.t.c.transaction.TransactionContext   : Rolled back transaction for test: [DefaultTestContext@6e3fc8e8 testClass = ControladorProductoTest, testInstance = com.ceiba.licorera.TestInfraestructura.controladorProducto.controladorProducto.ControladorProductoTest@2dd0da4a, testMethod = listarpornombres@ControladorProductoTest, testException = [null], mergedContextConfiguration = [WebMergedContextConfiguration@792d1942 testClass = ControladorProductoTest, locations = '{}', classes = '{class com.ceiba.licorera.LicoreraApplication, class com.ceiba.licorera.LicoreraApplication}', contextInitializerClasses = '[]', activeProfiles = '{}', propertySourceLocations = '{}', propertySourceProperties = '{org.springframework.boot.test.context.SpringBootTestContextBootstrapper=true}', contextCustomizers = set[org.springframework.boot.test.autoconfigure.properties.PropertyMappingContextCustomizer@4b3fa0b3, org.springframework.boot.test.autoconfigure.web.servlet.WebDriverContextCustomizerFactory$Customizer@72ec5f5a, [ImportsContextCustomizer@2c6c3dc7 key = [org.springframework.boot.test.autoconfigure.web.servlet.MockMvcAutoConfiguration, org.springframework.boot.test.autoconfigure.web.servlet.MockMvcWebClientAutoConfiguration, org.springframework.boot.test.autoconfigure.web.servlet.MockMvcWebDriverAutoConfiguration, org.springframework.boot.autoconfigure.security.servlet.SecurityAutoConfiguration, org.springframework.boot.autoconfigure.security.servlet.UserDetailsServiceAutoConfiguration, org.springframework.boot.test.autoconfigure.web.servlet.MockMvcSecurityConfiguration]], org.springframework.boot.test.context.filter.ExcludeFilterContextCustomizer@1ade3aad, org.springframework.boot.test.json.DuplicateJsonObjectContextCustomizerFactory$DuplicateJsonObjectContextCustomizer@27438146, org.springframework.boot.test.mock.mockito.MockitoContextCustomizer@0, org.springframework.boot.test.web.client.TestRestTemplateContextCustomizer@3578088], resourceBasePath = 'src/main/webapp', contextLoader = 'org.springframework.boot.test.context.SpringBootContextLoader', parent = [null]], attributes = map['org.springframework.test.context.web.ServletTestExecutionListener.activateListener' -> true, 'org.springframework.test.context.web.ServletTestExecutionListener.populatedRequestContextHolder' -> true, 'org.springframework.test.context.web.ServletTestExecutionListener.resetRequestContextHolder' -> true]]
2019-11-25 08:10:21.234  INFO 18992 --- [    Test worker] o.s.t.c.transaction.TransactionContext   : Began transaction (1) for test context [DefaultTestContext@6e3fc8e8 testClass = ControladorProductoTest, testInstance = com.ceiba.licorera.TestInfraestructura.controladorProducto.controladorProducto.ControladorProductoTest@771ae9d5, testMethod = listarproductos@ControladorProductoTest, testException = [null], mergedContextConfiguration = [WebMergedContextConfiguration@792d1942 testClass = ControladorProductoTest, locations = '{}', classes = '{class com.ceiba.licorera.LicoreraApplication, class com.ceiba.licorera.LicoreraApplication}', contextInitializerClasses = '[]', activeProfiles = '{}', propertySourceLocations = '{}', propertySourceProperties = '{org.springframework.boot.test.context.SpringBootTestContextBootstrapper=true}', contextCustomizers = set[org.springframework.boot.test.autoconfigure.properties.PropertyMappingContextCustomizer@4b3fa0b3, org.springframework.boot.test.autoconfigure.web.servlet.WebDriverContextCustomizerFactory$Customizer@72ec5f5a, [ImportsContextCustomizer@2c6c3dc7 key = [org.springframework.boot.test.autoconfigure.web.servlet.MockMvcAutoConfiguration, org.springframework.boot.test.autoconfigure.web.servlet.MockMvcWebClientAutoConfiguration, org.springframework.boot.test.autoconfigure.web.servlet.MockMvcWebDriverAutoConfiguration, org.springframework.boot.autoconfigure.security.servlet.SecurityAutoConfiguration, org.springframework.boot.autoconfigure.security.servlet.UserDetailsServiceAutoConfiguration, org.springframework.boot.test.autoconfigure.web.servlet.MockMvcSecurityConfiguration]], org.springframework.boot.test.context.filter.ExcludeFilterContextCustomizer@1ade3aad, org.springframework.boot.test.json.DuplicateJsonObjectContextCustomizerFactory$DuplicateJsonObjectContextCustomizer@27438146, org.springframework.boot.test.mock.mockito.MockitoContextCustomizer@0, org.springframework.boot.test.web.client.TestRestTemplateContextCustomizer@3578088], resourceBasePath = 'src/main/webapp', contextLoader = 'org.springframework.boot.test.context.SpringBootContextLoader', parent = [null]], attributes = map['org.springframework.test.context.web.ServletTestExecutionListener.activateListener' -> true, 'org.springframework.test.context.web.ServletTestExecutionListener.populatedRequestContextHolder' -> true, 'org.springframework.test.context.web.ServletTestExecutionListener.resetRequestContextHolder' -> true]]; transaction manager [org.springframework.orm.jpa.JpaTransactionManager@66abb8b]; rollback [true]
Hibernate: select productoen0_.nombre as nombre1_2_, productoen0_.valor as valor2_2_ from productos productoen0_

MockHttpServletRequest:
      HTTP Method = GET
      Request URI = /productos
       Parameters = {}
          Headers = [Content-Type:"application/json;charset=UTF-8"]
             Body = null
    Session Attrs = {}

Handler:
             Type = com.ceiba.licorera.infraestructura.controlador.ControladorProducto
           Method = com.ceiba.licorera.infraestructura.controlador.ControladorProducto#listarProductos()

Async:
    Async started = false
     Async result = null

Resolved Exception:
             Type = null

ModelAndView:
        View name = null
             View = null
            Model = null

FlashMap:
       Attributes = null

MockHttpServletResponse:
           Status = 200
    Error message = null
          Headers = [Vary:"Origin", "Access-Control-Request-Method", "Access-Control-Request-Headers", Content-Type:"application/json"]
     Content type = application/json
             Body = [{"idProducto":null,"nombre":"vodka litro","valor":70000.0},{"idProducto":null,"nombre":"vodka absolute","valor":450000.0},{"idProducto":null,"nombre":"ron","valor":450000.0},{"idProducto":null,"nombre":"guaro","valor":450000.0}]
    Forwarded URL = null
   Redirected URL = null
          Cookies = []
2019-11-25 08:10:21.249  INFO 18992 --- [    Test worker] o.s.t.c.transaction.TransactionContext   : Rolled back transaction for test: [DefaultTestContext@6e3fc8e8 testClass = ControladorProductoTest, testInstance = com.ceiba.licorera.TestInfraestructura.controladorProducto.controladorProducto.ControladorProductoTest@771ae9d5, testMethod = listarproductos@ControladorProductoTest, testException = [null], mergedContextConfiguration = [WebMergedContextConfiguration@792d1942 testClass = ControladorProductoTest, locations = '{}', classes = '{class com.ceiba.licorera.LicoreraApplication, class com.ceiba.licorera.LicoreraApplication}', contextInitializerClasses = '[]', activeProfiles = '{}', propertySourceLocations = '{}', propertySourceProperties = '{org.springframework.boot.test.context.SpringBootTestContextBootstrapper=true}', contextCustomizers = set[org.springframework.boot.test.autoconfigure.properties.PropertyMappingContextCustomizer@4b3fa0b3, org.springframework.boot.test.autoconfigure.web.servlet.WebDriverContextCustomizerFactory$Customizer@72ec5f5a, [ImportsContextCustomizer@2c6c3dc7 key = [org.springframework.boot.test.autoconfigure.web.servlet.MockMvcAutoConfiguration, org.springframework.boot.test.autoconfigure.web.servlet.MockMvcWebClientAutoConfiguration, org.springframework.boot.test.autoconfigure.web.servlet.MockMvcWebDriverAutoConfiguration, org.springframework.boot.autoconfigure.security.servlet.SecurityAutoConfiguration, org.springframework.boot.autoconfigure.security.servlet.UserDetailsServiceAutoConfiguration, org.springframework.boot.test.autoconfigure.web.servlet.MockMvcSecurityConfiguration]], org.springframework.boot.test.context.filter.ExcludeFilterContextCustomizer@1ade3aad, org.springframework.boot.test.json.DuplicateJsonObjectContextCustomizerFactory$DuplicateJsonObjectContextCustomizer@27438146, org.springframework.boot.test.mock.mockito.MockitoContextCustomizer@0, org.springframework.boot.test.web.client.TestRestTemplateContextCustomizer@3578088], resourceBasePath = 'src/main/webapp', contextLoader = 'org.springframework.boot.test.context.SpringBootContextLoader', parent = [null]], attributes = map['org.springframework.test.context.web.ServletTestExecutionListener.activateListener' -> true, 'org.springframework.test.context.web.ServletTestExecutionListener.populatedRequestContextHolder' -> true, 'org.springframework.test.context.web.ServletTestExecutionListener.resetRequestContextHolder' -> true]]
]]></system-out>
  <system-err><![CDATA[]]></system-err>
</testsuite>
