<?xml version="1.0" encoding="UTF-8"?>
<testsuite name="com.ceiba.licorera.TestDominio.Factura.FacturaServicioCrearTest" tests="2" skipped="0" failures="0" errors="0" timestamp="2019-11-25T13:10:08" hostname="VERONICA-ZAPATA" time="0.032">
  <properties/>
  <testcase name="crearFacturaValida()" classname="com.ceiba.licorera.TestDominio.Factura.FacturaServicioCrearTest" time="0.024"/>
  <testcase name="facturaExistente()" classname="com.ceiba.licorera.TestDominio.Factura.FacturaServicioCrearTest" time="0.006"/>
  <system-out><![CDATA[]]></system-out>
  <system-err><![CDATA[]]></system-err>
</testsuite>
