<?xml version="1.0" encoding="UTF-8"?>
<testsuite name="com.ceiba.licorera.TestAplicacion.Comando.Manejador.ManejadorConsultarFacturaTest" tests="1" skipped="0" failures="0" errors="0" timestamp="2019-11-28T15:48:37" hostname="VERONICA-ZAPATA" time="0.076">
  <properties/>
  <testcase name="consultar()" classname="com.ceiba.licorera.TestAplicacion.Comando.Manejador.ManejadorConsultarFacturaTest" time="0.076"/>
  <system-out><![CDATA[]]></system-out>
  <system-err><![CDATA[]]></system-err>
</testsuite>
