<?xml version="1.0" encoding="UTF-8"?>
<testsuite name="com.ceiba.licorera.TestDominio.Factura.FacturaServicioConsultarTest" tests="2" skipped="0" failures="0" errors="0" timestamp="2019-11-25T13:00:47" hostname="VERONICA-ZAPATA" time="1.625">
  <properties/>
  <testcase name="obtenerFacturas()" classname="com.ceiba.licorera.TestDominio.Factura.FacturaServicioConsultarTest" time="1.616"/>
  <testcase name="obtenerunafactura()" classname="com.ceiba.licorera.TestDominio.Factura.FacturaServicioConsultarTest" time="0.006"/>
  <system-out><![CDATA[]]></system-out>
  <system-err><![CDATA[]]></system-err>
</testsuite>
