<?xml version="1.0" encoding="UTF-8"?>
<testsuite name="com.ceiba.licorera.TestDominio.Factura.FacturaServicioConsultarTest" tests="3" skipped="0" failures="0" errors="0" timestamp="2019-11-28T15:48:38" hostname="VERONICA-ZAPATA" time="0.047">
  <properties/>
  <testcase name="getters()" classname="com.ceiba.licorera.TestDominio.Factura.FacturaServicioConsultarTest" time="0.002"/>
  <testcase name="obtenerFacturas()" classname="com.ceiba.licorera.TestDominio.Factura.FacturaServicioConsultarTest" time="0.042"/>
  <testcase name="obtenerunafactura()" classname="com.ceiba.licorera.TestDominio.Factura.FacturaServicioConsultarTest" time="0.001"/>
  <system-out><![CDATA[]]></system-out>
  <system-err><![CDATA[]]></system-err>
</testsuite>
