<?xml version="1.0" encoding="UTF-8"?>
<testsuite name="com.ceiba.licorera.TestDominio.Factura.DetalleFacturaServicioConsultarTest" tests="1" skipped="0" failures="0" errors="0" timestamp="2019-11-25T19:43:41" hostname="VERONICA-ZAPATA" time="0.087">
  <properties/>
  <testcase name="getters()" classname="com.ceiba.licorera.TestDominio.Factura.DetalleFacturaServicioConsultarTest" time="0.087"/>
  <system-out><![CDATA[]]></system-out>
  <system-err><![CDATA[]]></system-err>
</testsuite>
