<?xml version="1.0" encoding="UTF-8"?>
<testsuite name="com.ceiba.licorera.TestDominio.Factura.FacturaServicioCrearTest" tests="2" skipped="0" failures="0" errors="0" timestamp="2019-12-02T19:32:37" hostname="VERONICA-ZAPATA" time="0.009">
  <properties/>
  <testcase name="crearFacturaValida()" classname="com.ceiba.licorera.TestDominio.Factura.FacturaServicioCrearTest" time="0.005"/>
  <testcase name="facturaExistente()" classname="com.ceiba.licorera.TestDominio.Factura.FacturaServicioCrearTest" time="0.002"/>
  <system-out><![CDATA[]]></system-out>
  <system-err><![CDATA[]]></system-err>
</testsuite>
