<?xml version="1.0" encoding="UTF-8"?>
<testsuite name="com.ceiba.licorera.TestAplicacion.Comando.ComandoProductoTest.ComandoProductoTest" tests="1" skipped="0" failures="0" errors="0" timestamp="2019-12-02T19:32:36" hostname="VERONICA-ZAPATA" time="0.039">
  <properties/>
  <testcase name="construirComando()" classname="com.ceiba.licorera.TestAplicacion.Comando.ComandoProductoTest.ComandoProductoTest" time="0.039"/>
  <system-out><![CDATA[]]></system-out>
  <system-err><![CDATA[]]></system-err>
</testsuite>
