<?xml version="1.0" encoding="UTF-8"?>
<testsuite name="com.ceiba.licorera.TestInfraestructura.controladorProducto.ControladorProductoTest" tests="1" skipped="0" failures="0" errors="0" timestamp="2019-11-27T16:20:13" hostname="VERONICA-ZAPATA" time="0.899">
  <properties/>
  <testcase name="listarpornombres()" classname="com.ceiba.licorera.TestInfraestructura.controladorProducto.ControladorProductoTest" time="0.899"/>
  <system-out><![CDATA[11:20:00.064 [Test worker] DEBUG org.springframework.test.context.BootstrapUtils - Instantiating CacheAwareContextLoaderDelegate from class [org.springframework.test.context.cache.DefaultCacheAwareContextLoaderDelegate]
11:20:00.164 [Test worker] DEBUG org.springframework.test.context.BootstrapUtils - Instantiating BootstrapContext using constructor [public org.springframework.test.context.support.DefaultBootstrapContext(java.lang.Class,org.springframework.test.context.CacheAwareContextLoaderDelegate)]
11:20:00.263 [Test worker] DEBUG org.springframework.test.context.BootstrapUtils - Instantiating TestContextBootstrapper for test class [com.ceiba.licorera.TestInfraestructura.controladorProducto.ControladorProductoTest] from class [org.springframework.boot.test.context.SpringBootTestContextBootstrapper]
11:20:00.313 [Test worker] INFO org.springframework.boot.test.context.SpringBootTestContextBootstrapper - Neither @ContextConfiguration nor @ContextHierarchy found for test class [com.ceiba.licorera.TestInfraestructura.controladorProducto.ControladorProductoTest], using SpringBootContextLoader
11:20:00.333 [Test worker] DEBUG org.springframework.test.context.support.AbstractContextLoader - Did not detect default resource location for test class [com.ceiba.licorera.TestInfraestructura.controladorProducto.ControladorProductoTest]: class path resource [com/ceiba/licorera/TestInfraestructura/controladorProducto/ControladorProductoTest-context.xml] does not exist
11:20:00.334 [Test worker] DEBUG org.springframework.test.context.support.AbstractContextLoader - Did not detect default resource location for test class [com.ceiba.licorera.TestInfraestructura.controladorProducto.ControladorProductoTest]: class path resource [com/ceiba/licorera/TestInfraestructura/controladorProducto/ControladorProductoTestContext.groovy] does not exist
11:20:00.334 [Test worker] INFO org.springframework.test.context.support.AbstractContextLoader - Could not detect default resource locations for test class [com.ceiba.licorera.TestInfraestructura.controladorProducto.ControladorProductoTest]: no resource found for suffixes {-context.xml, Context.groovy}.
11:20:00.599 [Test worker] DEBUG org.springframework.test.context.support.ActiveProfilesUtils - Could not find an 'annotation declaring class' for annotation type [org.springframework.test.context.ActiveProfiles] and class [com.ceiba.licorera.TestInfraestructura.controladorProducto.ControladorProductoTest]
11:20:01.067 [Test worker] DEBUG org.springframework.boot.test.context.SpringBootTestContextBootstrapper - @TestExecutionListeners is not present for class [com.ceiba.licorera.TestInfraestructura.controladorProducto.ControladorProductoTest]: using defaults.
11:20:01.071 [Test worker] INFO org.springframework.boot.test.context.SpringBootTestContextBootstrapper - Loaded default TestExecutionListener class names from location [META-INF/spring.factories]: [org.springframework.boot.test.autoconfigure.restdocs.RestDocsTestExecutionListener, org.springframework.boot.test.autoconfigure.web.client.MockRestServiceServerResetTestExecutionListener, org.springframework.boot.test.autoconfigure.web.servlet.MockMvcPrintOnlyOnFailureTestExecutionListener, org.springframework.boot.test.autoconfigure.web.servlet.WebDriverTestExecutionListener, org.springframework.boot.test.mock.mockito.MockitoTestExecutionListener, org.springframework.boot.test.mock.mockito.ResetMocksTestExecutionListener, org.springframework.test.context.web.ServletTestExecutionListener, org.springframework.test.context.support.DirtiesContextBeforeModesTestExecutionListener, org.springframework.test.context.support.DependencyInjectionTestExecutionListener, org.springframework.test.context.support.DirtiesContextTestExecutionListener, org.springframework.test.context.transaction.TransactionalTestExecutionListener, org.springframework.test.context.jdbc.SqlScriptsTestExecutionListener, org.springframework.test.context.event.EventPublishingTestExecutionListener]
11:20:01.118 [Test worker] INFO org.springframework.boot.test.context.SpringBootTestContextBootstrapper - Using TestExecutionListeners: [org.springframework.test.context.web.ServletTestExecutionListener@4cfa6d41, org.springframework.test.context.support.DirtiesContextBeforeModesTestExecutionListener@647e1a74, org.springframework.boot.test.mock.mockito.MockitoTestExecutionListener@328eebd5, org.springframework.boot.test.autoconfigure.SpringBootDependencyInjectionTestExecutionListener@31783e8d, org.springframework.test.context.support.DirtiesContextTestExecutionListener@2e77cd86, org.springframework.test.context.transaction.TransactionalTestExecutionListener@3acecf86, org.springframework.test.context.jdbc.SqlScriptsTestExecutionListener@7f5b4b49, org.springframework.test.context.event.EventPublishingTestExecutionListener@f278e79, org.springframework.boot.test.autoconfigure.restdocs.RestDocsTestExecutionListener@1f2c69e6, org.springframework.boot.test.autoconfigure.web.client.MockRestServiceServerResetTestExecutionListener@5352277a, org.springframework.boot.test.autoconfigure.web.servlet.MockMvcPrintOnlyOnFailureTestExecutionListener@76763f5a, org.springframework.boot.test.autoconfigure.web.servlet.WebDriverTestExecutionListener@451133ab, org.springframework.boot.test.mock.mockito.ResetMocksTestExecutionListener@390e11b6]
11:20:01.136 [Test worker] DEBUG org.springframework.test.context.support.AbstractDirtiesContextTestExecutionListener - Before test class: context [DefaultTestContext@793bfbb5 testClass = ControladorProductoTest, testInstance = [null], testMethod = [null], testException = [null], mergedContextConfiguration = [WebMergedContextConfiguration@1b031696 testClass = ControladorProductoTest, locations = '{}', classes = '{class com.ceiba.licorera.LicoreraApplication, class com.ceiba.licorera.LicoreraApplication}', contextInitializerClasses = '[]', activeProfiles = '{}', propertySourceLocations = '{}', propertySourceProperties = '{org.springframework.boot.test.context.SpringBootTestContextBootstrapper=true}', contextCustomizers = set[org.springframework.boot.test.autoconfigure.properties.PropertyMappingContextCustomizer@4b3fa0b3, org.springframework.boot.test.autoconfigure.web.servlet.WebDriverContextCustomizerFactory$Customizer@4340b3b1, [ImportsContextCustomizer@157dc64d key = [org.springframework.boot.test.autoconfigure.web.servlet.MockMvcAutoConfiguration, org.springframework.boot.test.autoconfigure.web.servlet.MockMvcWebClientAutoConfiguration, org.springframework.boot.test.autoconfigure.web.servlet.MockMvcWebDriverAutoConfiguration, org.springframework.boot.autoconfigure.security.servlet.SecurityAutoConfiguration, org.springframework.boot.autoconfigure.security.servlet.UserDetailsServiceAutoConfiguration, org.springframework.boot.test.autoconfigure.web.servlet.MockMvcSecurityConfiguration]], org.springframework.boot.test.context.filter.ExcludeFilterContextCustomizer@1ffdaec9, org.springframework.boot.test.json.DuplicateJsonObjectContextCustomizerFactory$DuplicateJsonObjectContextCustomizer@1ae785ab, org.springframework.boot.test.mock.mockito.MockitoContextCustomizer@0, org.springframework.boot.test.web.client.TestRestTemplateContextCustomizer@145d77a], resourceBasePath = 'src/main/webapp', contextLoader = 'org.springframework.boot.test.context.SpringBootContextLoader', parent = [null]], attributes = map['org.springframework.test.context.web.ServletTestExecutionListener.activateListener' -> true]], class annotated with @DirtiesContext [false] with mode [null].
11:20:01.231 [Test worker] DEBUG org.springframework.test.context.support.TestPropertySourceUtils - Adding inlined properties to environment: {spring.jmx.enabled=false, org.springframework.boot.test.context.SpringBootTestContextBootstrapper=true, server.port=-1}

  .   ____          _            __ _ _
 /\\ / ___'_ __ _ _(_)_ __  __ _ \ \ \ \
( ( )\___ | '_ | '_| | '_ \/ _` | \ \ \ \
 \\/  ___)| |_)| | | | | || (_| |  ) ) ) )
  '  |____| .__|_| |_|_| |_\__, | / / / /
 =========|_|==============|___/=/_/_/_/
 :: Spring Boot ::        (v2.2.0.RELEASE)

2019-11-27 11:20:02.573  INFO 10744 --- [    Test worker] c.c.l.T.c.ControladorProductoTest        : Starting ControladorProductoTest on VERONICA-ZAPATA with PID 10744 (started by veronica.zapata in C:\Users\veronica.zapata\Desktop\Proyectos\licorera)
2019-11-27 11:20:02.576  INFO 10744 --- [    Test worker] c.c.l.T.c.ControladorProductoTest        : No active profile set, falling back to default profiles: default
2019-11-27 11:20:04.771  INFO 10744 --- [    Test worker] .s.d.r.c.RepositoryConfigurationDelegate : Bootstrapping Spring Data repositories in DEFAULT mode.
2019-11-27 11:20:05.003  INFO 10744 --- [    Test worker] .s.d.r.c.RepositoryConfigurationDelegate : Finished Spring Data repository scanning in 204ms. Found 3 repository interfaces.
2019-11-27 11:20:05.925  INFO 10744 --- [    Test worker] trationDelegate$BeanPostProcessorChecker : Bean 'org.springframework.transaction.annotation.ProxyTransactionManagementConfiguration' of type [org.springframework.transaction.annotation.ProxyTransactionManagementConfiguration] is not eligible for getting processed by all BeanPostProcessors (for example: not eligible for auto-proxying)
2019-11-27 11:20:06.535  INFO 10744 --- [    Test worker] o.hibernate.jpa.internal.util.LogHelper  : HHH000204: Processing PersistenceUnitInfo [name: default]
2019-11-27 11:20:06.744  INFO 10744 --- [    Test worker] org.hibernate.Version                    : HHH000412: Hibernate Core {5.4.6.Final}
2019-11-27 11:20:07.146  INFO 10744 --- [    Test worker] o.hibernate.annotations.common.Version   : HCANN000001: Hibernate Commons Annotations {5.1.0.Final}
2019-11-27 11:20:07.389  INFO 10744 --- [    Test worker] com.zaxxer.hikari.HikariDataSource       : HikariPool-1 - Starting...
2019-11-27 11:20:07.831  INFO 10744 --- [    Test worker] com.zaxxer.hikari.HikariDataSource       : HikariPool-1 - Start completed.
2019-11-27 11:20:07.887  INFO 10744 --- [    Test worker] org.hibernate.dialect.Dialect            : HHH000400: Using dialect: org.hibernate.dialect.H2Dialect
2019-11-27 11:20:09.915  INFO 10744 --- [    Test worker] o.h.e.t.j.p.i.JtaPlatformInitiator       : HHH000490: Using JtaPlatform implementation: [org.hibernate.engine.transaction.jta.platform.internal.NoJtaPlatform]
2019-11-27 11:20:09.932  INFO 10744 --- [    Test worker] j.LocalContainerEntityManagerFactoryBean : Initialized JPA EntityManagerFactory for persistence unit 'default'
2019-11-27 11:20:11.786  WARN 10744 --- [    Test worker] JpaBaseConfiguration$JpaWebConfiguration : spring.jpa.open-in-view is enabled by default. Therefore, database queries may be performed during view rendering. Explicitly configure spring.jpa.open-in-view to disable this warning
2019-11-27 11:20:12.376  INFO 10744 --- [    Test worker] o.s.s.concurrent.ThreadPoolTaskExecutor  : Initializing ExecutorService 'applicationTaskExecutor'
2019-11-27 11:20:13.126  INFO 10744 --- [    Test worker] o.s.b.a.h2.H2ConsoleAutoConfiguration    : H2 console available at '/h2'. Database available at 'jdbc:h2:file:~/prueba7'
2019-11-27 11:20:13.429  INFO 10744 --- [    Test worker] o.s.b.t.m.w.SpringBootMockServletContext : Initializing Spring TestDispatcherServlet ''
2019-11-27 11:20:13.431  INFO 10744 --- [    Test worker] o.s.t.web.servlet.TestDispatcherServlet  : Initializing Servlet ''
2019-11-27 11:20:13.472  INFO 10744 --- [    Test worker] o.s.t.web.servlet.TestDispatcherServlet  : Completed initialization in 35 ms
2019-11-27 11:20:13.509  INFO 10744 --- [    Test worker] c.c.l.T.c.ControladorProductoTest        : Started ControladorProductoTest in 12.248 seconds (JVM running for 16.44)
2019-11-27 11:20:13.583  INFO 10744 --- [    Test worker] o.s.t.c.transaction.TransactionContext   : Began transaction (1) for test context [DefaultTestContext@793bfbb5 testClass = ControladorProductoTest, testInstance = com.ceiba.licorera.TestInfraestructura.controladorProducto.ControladorProductoTest@23bb5cad, testMethod = listarpornombres@ControladorProductoTest, testException = [null], mergedContextConfiguration = [WebMergedContextConfiguration@1b031696 testClass = ControladorProductoTest, locations = '{}', classes = '{class com.ceiba.licorera.LicoreraApplication, class com.ceiba.licorera.LicoreraApplication}', contextInitializerClasses = '[]', activeProfiles = '{}', propertySourceLocations = '{}', propertySourceProperties = '{org.springframework.boot.test.context.SpringBootTestContextBootstrapper=true}', contextCustomizers = set[org.springframework.boot.test.autoconfigure.properties.PropertyMappingContextCustomizer@4b3fa0b3, org.springframework.boot.test.autoconfigure.web.servlet.WebDriverContextCustomizerFactory$Customizer@4340b3b1, [ImportsContextCustomizer@157dc64d key = [org.springframework.boot.test.autoconfigure.web.servlet.MockMvcAutoConfiguration, org.springframework.boot.test.autoconfigure.web.servlet.MockMvcWebClientAutoConfiguration, org.springframework.boot.test.autoconfigure.web.servlet.MockMvcWebDriverAutoConfiguration, org.springframework.boot.autoconfigure.security.servlet.SecurityAutoConfiguration, org.springframework.boot.autoconfigure.security.servlet.UserDetailsServiceAutoConfiguration, org.springframework.boot.test.autoconfigure.web.servlet.MockMvcSecurityConfiguration]], org.springframework.boot.test.context.filter.ExcludeFilterContextCustomizer@1ffdaec9, org.springframework.boot.test.json.DuplicateJsonObjectContextCustomizerFactory$DuplicateJsonObjectContextCustomizer@1ae785ab, org.springframework.boot.test.mock.mockito.MockitoContextCustomizer@0, org.springframework.boot.test.web.client.TestRestTemplateContextCustomizer@145d77a], resourceBasePath = 'src/main/webapp', contextLoader = 'org.springframework.boot.test.context.SpringBootContextLoader', parent = [null]], attributes = map['org.springframework.test.context.web.ServletTestExecutionListener.activateListener' -> true, 'org.springframework.test.context.web.ServletTestExecutionListener.populatedRequestContextHolder' -> true, 'org.springframework.test.context.web.ServletTestExecutionListener.resetRequestContextHolder' -> true]]; transaction manager [org.springframework.orm.jpa.JpaTransactionManager@768f95a0]; rollback [true]

MockHttpServletRequest:
      HTTP Method = GET
      Request URI = /productos/vodka
       Parameters = {}
          Headers = [Content-Type:"application/json;charset=UTF-8"]
             Body = [{"idProducto":1,"nombre":"vodka","valor":55000.0}]
    Session Attrs = {}

Handler:
             Type = com.ceiba.licorera.infraestructura.controlador.ControladorProducto
           Method = com.ceiba.licorera.infraestructura.controlador.ControladorProducto#buscarPorNombre(String)

Async:
    Async started = false
     Async result = null

Resolved Exception:
             Type = null

ModelAndView:
        View name = null
             View = null
            Model = null

FlashMap:
       Attributes = null

MockHttpServletResponse:
           Status = 200
    Error message = null
          Headers = [Vary:"Origin", "Access-Control-Request-Method", "Access-Control-Request-Headers", Content-Type:"application/json"]
     Content type = application/json
             Body = [{"idProducto":null,"nombre":"vodka","valor":55000.0},{"idProducto":null,"nombre":"ron","valor":40000.0}]
    Forwarded URL = null
   Redirected URL = null
          Cookies = []
2019-11-27 11:20:14.442  INFO 10744 --- [    Test worker] o.s.t.c.transaction.TransactionContext   : Rolled back transaction for test: [DefaultTestContext@793bfbb5 testClass = ControladorProductoTest, testInstance = com.ceiba.licorera.TestInfraestructura.controladorProducto.ControladorProductoTest@23bb5cad, testMethod = listarpornombres@ControladorProductoTest, testException = [null], mergedContextConfiguration = [WebMergedContextConfiguration@1b031696 testClass = ControladorProductoTest, locations = '{}', classes = '{class com.ceiba.licorera.LicoreraApplication, class com.ceiba.licorera.LicoreraApplication}', contextInitializerClasses = '[]', activeProfiles = '{}', propertySourceLocations = '{}', propertySourceProperties = '{org.springframework.boot.test.context.SpringBootTestContextBootstrapper=true}', contextCustomizers = set[org.springframework.boot.test.autoconfigure.properties.PropertyMappingContextCustomizer@4b3fa0b3, org.springframework.boot.test.autoconfigure.web.servlet.WebDriverContextCustomizerFactory$Customizer@4340b3b1, [ImportsContextCustomizer@157dc64d key = [org.springframework.boot.test.autoconfigure.web.servlet.MockMvcAutoConfiguration, org.springframework.boot.test.autoconfigure.web.servlet.MockMvcWebClientAutoConfiguration, org.springframework.boot.test.autoconfigure.web.servlet.MockMvcWebDriverAutoConfiguration, org.springframework.boot.autoconfigure.security.servlet.SecurityAutoConfiguration, org.springframework.boot.autoconfigure.security.servlet.UserDetailsServiceAutoConfiguration, org.springframework.boot.test.autoconfigure.web.servlet.MockMvcSecurityConfiguration]], org.springframework.boot.test.context.filter.ExcludeFilterContextCustomizer@1ffdaec9, org.springframework.boot.test.json.DuplicateJsonObjectContextCustomizerFactory$DuplicateJsonObjectContextCustomizer@1ae785ab, org.springframework.boot.test.mock.mockito.MockitoContextCustomizer@0, org.springframework.boot.test.web.client.TestRestTemplateContextCustomizer@145d77a], resourceBasePath = 'src/main/webapp', contextLoader = 'org.springframework.boot.test.context.SpringBootContextLoader', parent = [null]], attributes = map['org.springframework.test.context.web.ServletTestExecutionListener.activateListener' -> true, 'org.springframework.test.context.web.ServletTestExecutionListener.populatedRequestContextHolder' -> true, 'org.springframework.test.context.web.ServletTestExecutionListener.resetRequestContextHolder' -> true]]
]]></system-out>
  <system-err><![CDATA[]]></system-err>
</testsuite>
